TN:
SF:src/integrations/trackstar/client.ts
FN:44,(anonymous_1)
FN:49,(anonymous_2)
FN:53,(anonymous_3)
FN:61,(anonymous_4)
FN:74,(anonymous_5)
FN:89,(anonymous_6)
FN:100,(anonymous_7)
FN:113,(anonymous_8)
FN:182,(anonymous_10)
FN:203,(anonymous_11)
FN:217,(anonymous_12)
FN:264,(anonymous_13)
FN:281,(anonymous_14)
FN:315,(anonymous_15)
FN:335,(anonymous_16)
FN:357,(anonymous_17)
FN:384,(anonymous_18)
FN:410,(anonymous_19)
FN:436,(anonymous_20)
FN:463,(anonymous_21)
FN:491,(anonymous_22)
FN:498,(anonymous_23)
FN:523,(anonymous_24)
FN:550,(anonymous_25)
FN:588,(anonymous_26)
FN:618,(anonymous_27)
FN:623,(anonymous_28)
FN:650,(anonymous_29)
FN:678,(anonymous_30)
FN:709,(anonymous_31)
FN:717,(anonymous_32)
FNF:31
FNH:9
FNDA:3,(anonymous_1)
FNDA:3,(anonymous_2)
FNDA:0,(anonymous_3)
FNDA:0,(anonymous_4)
FNDA:3,(anonymous_5)
FNDA:1,(anonymous_6)
FNDA:6,(anonymous_7)
FNDA:3,(anonymous_8)
FNDA:1,(anonymous_10)
FNDA:4,(anonymous_11)
FNDA:0,(anonymous_12)
FNDA:0,(anonymous_13)
FNDA:0,(anonymous_14)
FNDA:0,(anonymous_15)
FNDA:0,(anonymous_16)
FNDA:0,(anonymous_17)
FNDA:0,(anonymous_18)
FNDA:0,(anonymous_19)
FNDA:3,(anonymous_20)
FNDA:0,(anonymous_21)
FNDA:0,(anonymous_22)
FNDA:0,(anonymous_23)
FNDA:0,(anonymous_24)
FNDA:0,(anonymous_25)
FNDA:0,(anonymous_26)
FNDA:0,(anonymous_27)
FNDA:0,(anonymous_28)
FNDA:0,(anonymous_29)
FNDA:0,(anonymous_30)
FNDA:0,(anonymous_31)
FNDA:0,(anonymous_32)
DA:1,1
DA:2,1
DA:5,1
DA:6,1
DA:40,3
DA:45,3
DA:46,3
DA:50,3
DA:53,3
DA:56,3
DA:57,0
DA:58,0
DA:59,0
DA:60,0
DA:61,0
DA:66,3
DA:70,1
DA:72,3
DA:76,3
DA:77,3
DA:79,3
DA:88,3
DA:91,1
DA:92,1
DA:94,1
DA:95,0
DA:98,1
DA:101,6
DA:102,0
DA:103,0
DA:105,6
DA:114,3
DA:115,3
DA:117,3
DA:129,3
DA:130,3
DA:131,3
DA:132,3
DA:133,3
DA:135,3
DA:137,3
DA:139,3
DA:140,3
DA:141,7
DA:142,7
DA:146,7
DA:147,0
DA:150,7
DA:158,7
DA:165,1
DA:167,1
DA:168,0
DA:169,0
DA:173,1
DA:174,1
DA:175,1
DA:177,0
DA:178,0
DA:182,1
DA:183,1
DA:186,6
DA:187,6
DA:196,6
DA:197,2
DA:198,2
DA:202,4
DA:203,4
DA:208,1
DA:209,1
DA:218,0
DA:219,0
DA:222,0
DA:232,0
DA:234,0
DA:235,0
DA:237,0
DA:239,0
DA:242,0
DA:248,0
DA:250,0
DA:253,0
DA:256,0
DA:265,0
DA:266,0
DA:268,0
DA:270,0
DA:271,0
DA:273,0
DA:274,0
DA:286,0
DA:287,0
DA:289,0
DA:295,0
DA:296,0
DA:298,0
DA:300,0
DA:301,0
DA:308,0
DA:316,0
DA:317,0
DA:319,0
DA:325,0
DA:327,0
DA:328,0
DA:336,0
DA:337,0
DA:339,0
DA:347,0
DA:349,0
DA:350,0
DA:358,0
DA:359,0
DA:362,0
DA:364,0
DA:366,0
DA:372,0
DA:377,0
DA:385,0
DA:386,0
DA:388,0
DA:393,0
DA:394,0
DA:395,0
DA:397,0
DA:398,0
DA:401,0
DA:406,0
DA:411,0
DA:412,0
DA:414,0
DA:420,0
DA:421,0
DA:423,0
DA:429,0
DA:437,3
DA:438,3
DA:441,3
DA:443,1
DA:445,1
DA:451,2
DA:456,2
DA:464,0
DA:465,0
DA:468,0
DA:470,0
DA:472,0
DA:478,0
DA:483,0
DA:492,0
DA:499,0
DA:500,0
DA:502,0
DA:508,0
DA:509,0
DA:511,0
DA:516,0
DA:524,0
DA:525,0
DA:527,0
DA:535,0
DA:536,0
DA:538,0
DA:543,0
DA:551,0
DA:552,0
DA:554,0
DA:573,0
DA:574,0
DA:576,0
DA:581,0
DA:589,0
DA:590,0
DA:592,0
DA:603,0
DA:604,0
DA:606,0
DA:611,0
DA:619,0
DA:620,0
DA:622,0
DA:623,0
DA:635,0
DA:636,0
DA:638,0
DA:643,0
DA:651,0
DA:652,0
DA:654,0
DA:663,0
DA:664,0
DA:666,0
DA:671,0
DA:679,0
DA:680,0
DA:682,0
DA:692,0
DA:693,0
DA:695,0
DA:700,0
DA:706,1
DA:708,1
DA:710,0
DA:711,0
DA:712,0
DA:714,0
DA:718,0
DA:719,0
LF:207
LH:65
BRDA:56,0,0,0
BRDA:59,1,0,0
BRDA:94,2,0,0
BRDA:101,3,0,0
BRDA:114,4,0,3
BRDA:126,5,0,0
BRDA:127,6,0,3
BRDA:135,7,0,4
BRDA:135,7,1,4
BRDA:146,8,0,0
BRDA:167,9,0,0
BRDA:167,10,0,1
BRDA:167,10,1,0
BRDA:173,11,0,1
BRDA:173,11,1,0
BRDA:196,12,0,2
BRDA:232,13,0,0
BRDA:232,13,1,0
BRDA:239,14,0,0
BRDA:239,14,1,0
BRDA:248,15,0,0
BRDA:248,15,1,0
BRDA:300,16,0,0
BRDA:357,17,0,0
BRDA:393,18,0,0
BRDA:393,18,1,0
BRDA:393,19,0,0
BRDA:393,19,1,0
BRDA:436,20,0,3
BRDA:463,21,0,0
BRDA:491,22,0,0
BRDA:498,23,0,0
BRDA:626,24,0,0
BRDA:626,24,1,0
BRDA:684,25,0,0
BRDA:684,25,1,0
BRDA:710,26,0,0
BRF:37
BRH:8
end_of_record
TN:
SF:src/integrations/trackstar/service.ts
FN:11,(anonymous_0)
FN:18,(anonymous_1)
FN:20,(anonymous_2)
FN:25,(anonymous_3)
FN:30,(anonymous_4)
FN:51,(anonymous_5)
FN:118,(anonymous_6)
FN:144,(anonymous_7)
FN:165,(anonymous_8)
FN:185,(anonymous_9)
FN:237,(anonymous_10)
FN:275,(anonymous_11)
FN:330,(anonymous_12)
FN:353,(anonymous_13)
FN:374,(anonymous_14)
FN:411,(anonymous_15)
FN:444,(anonymous_16)
FN:495,(anonymous_17)
FN:568,(anonymous_18)
FN:708,(anonymous_19)
FN:786,(anonymous_20)
FN:834,(anonymous_21)
FN:906,(anonymous_22)
FN:987,(anonymous_23)
FN:996,(anonymous_24)
FN:1002,(anonymous_25)
FN:1008,(anonymous_26)
FN:1052,(anonymous_27)
FN:1095,(anonymous_28)
FN:1105,(anonymous_29)
FN:1126,(anonymous_30)
FN:1162,(anonymous_31)
FN:1200,(anonymous_32)
FN:1251,(anonymous_33)
FN:1299,(anonymous_34)
FN:1359,(anonymous_35)
FN:1403,(anonymous_36)
FN:1506,(anonymous_37)
FN:1519,(anonymous_38)
FN:1566,(anonymous_39)
FN:1602,(anonymous_40)
FNF:41
FNH:0
FNDA:0,(anonymous_0)
FNDA:0,(anonymous_1)
FNDA:0,(anonymous_2)
FNDA:0,(anonymous_3)
FNDA:0,(anonymous_4)
FNDA:0,(anonymous_5)
FNDA:0,(anonymous_6)
FNDA:0,(anonymous_7)
FNDA:0,(anonymous_8)
FNDA:0,(anonymous_9)
FNDA:0,(anonymous_10)
FNDA:0,(anonymous_11)
FNDA:0,(anonymous_12)
FNDA:0,(anonymous_13)
FNDA:0,(anonymous_14)
FNDA:0,(anonymous_15)
FNDA:0,(anonymous_16)
FNDA:0,(anonymous_17)
FNDA:0,(anonymous_18)
FNDA:0,(anonymous_19)
FNDA:0,(anonymous_20)
FNDA:0,(anonymous_21)
FNDA:0,(anonymous_22)
FNDA:0,(anonymous_23)
FNDA:0,(anonymous_24)
FNDA:0,(anonymous_25)
FNDA:0,(anonymous_26)
FNDA:0,(anonymous_27)
FNDA:0,(anonymous_28)
FNDA:0,(anonymous_29)
FNDA:0,(anonymous_30)
FNDA:0,(anonymous_31)
FNDA:0,(anonymous_32)
FNDA:0,(anonymous_33)
FNDA:0,(anonymous_34)
FNDA:0,(anonymous_35)
FNDA:0,(anonymous_36)
FNDA:0,(anonymous_37)
FNDA:0,(anonymous_38)
FNDA:0,(anonymous_39)
FNDA:0,(anonymous_40)
DA:1,0
DA:2,0
DA:3,0
DA:4,0
DA:5,0
DA:7,0
DA:12,0
DA:13,0
DA:15,0
DA:20,0
DA:21,0
DA:25,0
DA:26,0
DA:31,0
DA:32,0
DA:37,0
DA:38,0
DA:43,0
DA:44,0
DA:46,0
DA:47,0
DA:52,0
DA:53,0
DA:58,0
DA:59,0
DA:62,0
DA:67,0
DA:70,0
DA:98,0
DA:101,0
DA:104,0
DA:107,0
DA:110,0
DA:111,0
DA:119,0
DA:121,0
DA:134,0
DA:136,0
DA:137,0
DA:145,0
DA:147,0
DA:158,0
DA:160,0
DA:161,0
DA:166,0
DA:168,0
DA:169,0
DA:186,0
DA:188,0
DA:189,0
DA:192,0
DA:193,0
DA:194,0
DA:195,0
DA:196,0
DA:197,0
DA:198,0
DA:199,0
DA:202,0
DA:204,0
DA:205,0
DA:207,0
DA:208,0
DA:210,0
DA:211,0
DA:213,0
DA:214,0
DA:216,0
DA:220,0
DA:226,0
DA:228,0
DA:229,0
DA:238,0
DA:239,0
DA:248,0
DA:249,0
DA:250,0
DA:253,0
DA:256,0
DA:259,0
DA:264,0
DA:266,0
DA:267,0
DA:276,0
DA:277,0
DA:286,0
DA:287,0
DA:288,0
DA:291,0
DA:294,0
DA:295,0
DA:296,0
DA:297,0
DA:298,0
DA:302,0
DA:303,0
DA:304,0
DA:305,0
DA:308,0
DA:320,0
DA:322,0
DA:323,0
DA:331,0
DA:333,0
DA:334,0
DA:338,0
DA:339,0
DA:340,0
DA:343,0
DA:345,0
DA:346,0
DA:354,0
DA:367,0
DA:375,0
DA:376,0
DA:379,0
DA:389,0
DA:391,0
DA:392,0
DA:393,0
DA:395,0
DA:400,0
DA:402,0
DA:403,0
DA:412,0
DA:414,0
DA:415,0
DA:418,0
DA:419,0
DA:420,0
DA:421,0
DA:424,0
DA:437,0
DA:445,0
DA:446,0
DA:449,0
DA:454,0
DA:455,0
DA:456,0
DA:460,0
DA:473,0
DA:474,0
DA:475,0
DA:481,0
DA:483,0
DA:488,0
DA:490,0
DA:496,0
DA:501,0
DA:503,0
DA:507,0
DA:509,0
DA:513,0
DA:514,0
DA:520,0
DA:521,0
DA:522,0
DA:524,0
DA:525,0
DA:561,0
DA:563,0
DA:564,0
DA:569,0
DA:574,0
DA:576,0
DA:580,0
DA:581,0
DA:585,0
DA:586,0
DA:592,0
DA:593,0
DA:594,0
DA:596,0
DA:598,0
DA:599,0
DA:600,0
DA:604,0
DA:612,0
DA:613,0
DA:614,0
DA:617,0
DA:626,0
DA:627,0
DA:644,0
DA:647,0
DA:651,0
DA:698,0
DA:701,0
DA:703,0
DA:704,0
DA:709,0
DA:714,0
DA:716,0
DA:720,0
DA:721,0
DA:723,0
DA:724,0
DA:727,0
DA:730,0
DA:734,0
DA:735,0
DA:742,0
DA:743,0
DA:744,0
DA:746,0
DA:748,0
DA:751,0
DA:786,0
DA:794,0
DA:814,0
DA:815,0
DA:819,0
DA:820,0
DA:824,0
DA:826,0
DA:827,0
DA:835,0
DA:837,0
DA:846,0
DA:847,0
DA:848,0
DA:852,0
DA:857,0
DA:859,0
DA:866,0
DA:868,0
DA:878,0
DA:879,0
DA:895,0
DA:899,0
DA:907,0
DA:909,0
DA:918,0
DA:919,0
DA:920,0
DA:923,0
DA:925,0
DA:926,0
DA:928,0
DA:929,0
DA:930,0
DA:931,0
DA:935,0
DA:983,0
DA:990,0
DA:997,0
DA:999,0
DA:1003,0
DA:1005,0
DA:1009,0
DA:1011,0
DA:1016,0
DA:1018,0
DA:1023,0
DA:1025,0
DA:1026,0
DA:1027,0
DA:1029,0
DA:1032,0
DA:1034,0
DA:1036,0
DA:1052,0
DA:1060,0
DA:1080,0
DA:1081,0
DA:1083,0
DA:1084,0
DA:1088,0
DA:1090,0
DA:1091,0
DA:1096,0
DA:1098,0
DA:1106,0
DA:1113,0
DA:1114,0
DA:1115,0
DA:1118,0
DA:1126,0
DA:1128,0
DA:1129,0
DA:1132,0
DA:1133,0
DA:1134,0
DA:1135,0
DA:1137,0
DA:1146,0
DA:1150,0
DA:1151,0
DA:1155,0
DA:1159,0
DA:1166,0
DA:1168,0
DA:1170,0
DA:1173,0
DA:1197,0
DA:1201,0
DA:1203,0
DA:1204,0
DA:1207,0
DA:1211,0
DA:1212,0
DA:1213,0
DA:1216,0
DA:1219,0
DA:1220,0
DA:1222,0
DA:1223,0
DA:1226,0
DA:1227,0
DA:1229,0
DA:1230,0
DA:1232,0
DA:1233,0
DA:1235,0
DA:1239,0
DA:1244,0
DA:1246,0
DA:1247,0
DA:1252,0
DA:1257,0
DA:1259,0
DA:1300,0
DA:1305,0
DA:1308,0
DA:1317,0
DA:1351,0
DA:1352,0
DA:1360,0
DA:1365,0
DA:1367,0
DA:1404,0
DA:1409,0
DA:1412,0
DA:1422,0
DA:1423,0
DA:1424,0
DA:1433,0
DA:1434,0
DA:1445,0
DA:1448,0
DA:1451,0
DA:1453,0
DA:1500,0
DA:1502,0
DA:1507,0
DA:1510,0
DA:1520,0
DA:1524,0
DA:1525,0
DA:1529,0
DA:1530,0
DA:1531,0
DA:1533,0
DA:1536,0
DA:1537,0
DA:1540,0
DA:1541,0
DA:1544,0
DA:1545,0
DA:1548,0
DA:1549,0
DA:1551,0
DA:1554,0
DA:1560,0
DA:1567,0
DA:1571,0
DA:1572,0
DA:1576,0
DA:1579,0
DA:1586,0
DA:1587,0
DA:1589,0
DA:1602,0
DA:1612,0
LF:374
LH:0
BRDA:37,0,0,0
BRDA:58,1,0,0
BRDA:64,2,0,0
BRDA:64,2,1,0
BRDA:192,3,0,0
BRDA:192,3,1,0
BRDA:194,4,0,0
BRDA:194,4,1,0
BRDA:196,5,0,0
BRDA:196,5,1,0
BRDA:198,6,0,0
BRDA:198,6,1,0
BRDA:202,7,0,0
BRDA:202,7,1,0
BRDA:202,7,2,0
BRDA:202,7,3,0
BRDA:202,7,4,0
BRDA:237,8,0,0
BRDA:248,9,0,0
BRDA:248,10,0,0
BRDA:248,10,1,0
BRDA:286,11,0,0
BRDA:286,12,0,0
BRDA:286,12,1,0
BRDA:295,13,0,0
BRDA:313,14,0,0
BRDA:313,14,1,0
BRDA:338,15,0,0
BRDA:338,16,0,0
BRDA:338,16,1,0
BRDA:429,17,0,0
BRDA:429,17,1,0
BRDA:449,18,0,0
BRDA:449,18,1,0
BRDA:451,19,0,0
BRDA:451,19,1,0
BRDA:454,20,0,0
BRDA:454,21,0,0
BRDA:454,21,1,0
BRDA:454,21,2,0
BRDA:501,22,0,0
BRDA:507,23,0,0
BRDA:513,24,0,0
BRDA:522,25,0,0
BRDA:522,25,1,0
BRDA:533,26,0,0
BRDA:533,26,1,0
BRDA:534,27,0,0
BRDA:534,27,1,0
BRDA:534,27,2,0
BRDA:548,28,0,0
BRDA:548,28,1,0
BRDA:549,29,0,0
BRDA:549,29,1,0
BRDA:549,29,2,0
BRDA:574,30,0,0
BRDA:580,31,0,0
BRDA:585,32,0,0
BRDA:594,33,0,0
BRDA:594,33,1,0
BRDA:598,34,0,0
BRDA:613,35,0,0
BRDA:626,36,0,0
BRDA:631,37,0,0
BRDA:631,37,1,0
BRDA:632,38,0,0
BRDA:632,38,1,0
BRDA:633,39,0,0
BRDA:633,39,1,0
BRDA:634,40,0,0
BRDA:634,40,1,0
BRDA:635,41,0,0
BRDA:635,41,1,0
BRDA:636,42,0,0
BRDA:636,42,1,0
BRDA:656,43,0,0
BRDA:656,43,1,0
BRDA:665,44,0,0
BRDA:665,44,1,0
BRDA:668,45,0,0
BRDA:668,45,1,0
BRDA:669,46,0,0
BRDA:669,46,1,0
BRDA:670,47,0,0
BRDA:670,47,1,0
BRDA:671,48,0,0
BRDA:671,48,1,0
BRDA:672,49,0,0
BRDA:672,49,1,0
BRDA:673,50,0,0
BRDA:673,50,1,0
BRDA:674,51,0,0
BRDA:674,51,1,0
BRDA:675,52,0,0
BRDA:675,52,1,0
BRDA:676,53,0,0
BRDA:676,53,1,0
BRDA:681,54,0,0
BRDA:681,54,1,0
BRDA:684,55,0,0
BRDA:684,55,1,0
BRDA:685,56,0,0
BRDA:685,56,1,0
BRDA:686,57,0,0
BRDA:686,57,1,0
BRDA:687,58,0,0
BRDA:687,58,1,0
BRDA:688,59,0,0
BRDA:688,59,1,0
BRDA:689,60,0,0
BRDA:689,60,1,0
BRDA:690,61,0,0
BRDA:690,61,1,0
BRDA:691,62,0,0
BRDA:691,62,1,0
BRDA:692,63,0,0
BRDA:692,63,1,0
BRDA:698,64,0,0
BRDA:698,64,1,0
BRDA:714,65,0,0
BRDA:720,66,0,0
BRDA:721,67,0,0
BRDA:721,67,1,0
BRDA:734,68,0,0
BRDA:744,69,0,0
BRDA:744,69,1,0
BRDA:748,70,0,0
BRDA:748,70,1,0
BRDA:752,71,0,0
BRDA:752,71,1,0
BRDA:752,71,2,0
BRDA:753,72,0,0
BRDA:753,72,1,0
BRDA:755,73,0,0
BRDA:755,73,1,0
BRDA:757,74,0,0
BRDA:757,74,1,0
BRDA:758,75,0,0
BRDA:758,75,1,0
BRDA:758,76,0,0
BRDA:758,76,1,0
BRDA:758,77,0,0
BRDA:758,77,1,0
BRDA:784,78,0,0
BRDA:784,78,1,0
BRDA:785,79,0,0
BRDA:785,79,1,0
BRDA:786,80,0,0
BRDA:786,80,1,0
BRDA:787,81,0,0
BRDA:787,81,1,0
BRDA:791,82,0,0
BRDA:791,82,1,0
BRDA:814,83,0,0
BRDA:814,84,0,0
BRDA:814,84,1,0
BRDA:819,85,0,0
BRDA:819,86,0,0
BRDA:819,86,1,0
BRDA:846,87,0,0
BRDA:866,88,0,0
BRDA:866,89,0,0
BRDA:866,89,1,0
BRDA:878,90,0,0
BRDA:878,90,1,0
BRDA:883,91,0,0
BRDA:883,91,1,0
BRDA:884,92,0,0
BRDA:884,92,1,0
BRDA:885,93,0,0
BRDA:885,93,1,0
BRDA:885,94,0,0
BRDA:885,94,1,0
BRDA:885,95,0,0
BRDA:885,95,1,0
BRDA:918,96,0,0
BRDA:928,97,0,0
BRDA:930,98,0,0
BRDA:931,99,0,0
BRDA:944,100,0,0
BRDA:944,100,1,0
BRDA:945,101,0,0
BRDA:945,101,1,0
BRDA:947,102,0,0
BRDA:947,102,1,0
BRDA:948,103,0,0
BRDA:948,103,1,0
BRDA:965,104,0,0
BRDA:965,104,1,0
BRDA:966,105,0,0
BRDA:966,105,1,0
BRDA:968,106,0,0
BRDA:968,106,1,0
BRDA:969,107,0,0
BRDA:969,107,1,0
BRDA:1016,108,0,0
BRDA:1027,109,0,0
BRDA:1027,109,1,0
BRDA:1034,110,0,0
BRDA:1034,110,1,0
BRDA:1039,111,0,0
BRDA:1039,111,1,0
BRDA:1041,112,0,0
BRDA:1041,112,1,0
BRDA:1042,113,0,0
BRDA:1042,113,1,0
BRDA:1042,114,0,0
BRDA:1042,114,1,0
BRDA:1042,115,0,0
BRDA:1042,115,1,0
BRDA:1050,116,0,0
BRDA:1050,116,1,0
BRDA:1051,117,0,0
BRDA:1051,117,1,0
BRDA:1052,118,0,0
BRDA:1052,118,1,0
BRDA:1053,119,0,0
BRDA:1053,119,1,0
BRDA:1057,120,0,0
BRDA:1057,120,1,0
BRDA:1080,121,0,0
BRDA:1080,122,0,0
BRDA:1080,122,1,0
BRDA:1083,123,0,0
BRDA:1083,124,0,0
BRDA:1083,124,1,0
BRDA:1115,125,0,0
BRDA:1128,126,0,0
BRDA:1128,126,1,0
BRDA:1129,127,0,0
BRDA:1129,127,1,0
BRDA:1132,128,0,0
BRDA:1132,129,0,0
BRDA:1132,129,1,0
BRDA:1143,130,0,0
BRDA:1143,130,1,0
BRDA:1150,131,0,0
BRDA:1166,132,0,0
BRDA:1166,132,1,0
BRDA:1168,133,0,0
BRDA:1197,134,0,0
BRDA:1197,134,1,0
BRDA:1211,135,0,0
BRDA:1216,136,0,0
BRDA:1216,136,1,0
BRDA:1216,136,2,0
BRDA:1216,136,3,0
BRDA:1216,136,4,0
BRDA:1216,136,5,0
BRDA:1216,136,6,0
BRDA:1216,136,7,0
BRDA:1257,137,0,0
BRDA:1267,138,0,0
BRDA:1267,138,1,0
BRDA:1268,139,0,0
BRDA:1268,139,1,0
BRDA:1272,140,0,0
BRDA:1272,140,1,0
BRDA:1273,141,0,0
BRDA:1273,141,1,0
BRDA:1277,142,0,0
BRDA:1277,142,1,0
BRDA:1284,143,0,0
BRDA:1284,143,1,0
BRDA:1285,144,0,0
BRDA:1285,144,1,0
BRDA:1289,145,0,0
BRDA:1289,145,1,0
BRDA:1290,146,0,0
BRDA:1290,146,1,0
BRDA:1294,147,0,0
BRDA:1294,147,1,0
BRDA:1305,148,0,0
BRDA:1330,149,0,0
BRDA:1330,149,1,0
BRDA:1331,150,0,0
BRDA:1331,150,1,0
BRDA:1344,151,0,0
BRDA:1344,151,1,0
BRDA:1345,152,0,0
BRDA:1345,152,1,0
BRDA:1351,153,0,0
BRDA:1365,154,0,0
BRDA:1375,155,0,0
BRDA:1375,155,1,0
BRDA:1376,156,0,0
BRDA:1376,156,1,0
BRDA:1376,156,2,0
BRDA:1390,157,0,0
BRDA:1390,157,1,0
BRDA:1391,158,0,0
BRDA:1391,158,1,0
BRDA:1391,158,2,0
BRDA:1409,159,0,0
BRDA:1423,160,0,0
BRDA:1433,161,0,0
BRDA:1438,162,0,0
BRDA:1438,162,1,0
BRDA:1451,163,0,0
BRDA:1451,163,1,0
BRDA:1458,164,0,0
BRDA:1458,164,1,0
BRDA:1470,165,0,0
BRDA:1470,165,1,0
BRDA:1470,165,2,0
BRDA:1471,166,0,0
BRDA:1471,166,1,0
BRDA:1471,166,2,0
BRDA:1472,167,0,0
BRDA:1472,167,1,0
BRDA:1473,168,0,0
BRDA:1473,168,1,0
BRDA:1474,169,0,0
BRDA:1474,169,1,0
BRDA:1475,170,0,0
BRDA:1475,170,1,0
BRDA:1476,171,0,0
BRDA:1476,171,1,0
BRDA:1477,172,0,0
BRDA:1477,172,1,0
BRDA:1478,173,0,0
BRDA:1478,173,1,0
BRDA:1486,174,0,0
BRDA:1486,174,1,0
BRDA:1486,174,2,0
BRDA:1487,175,0,0
BRDA:1487,175,1,0
BRDA:1487,175,2,0
BRDA:1488,176,0,0
BRDA:1488,176,1,0
BRDA:1489,177,0,0
BRDA:1489,177,1,0
BRDA:1490,178,0,0
BRDA:1490,178,1,0
BRDA:1491,179,0,0
BRDA:1491,179,1,0
BRDA:1492,180,0,0
BRDA:1492,180,1,0
BRDA:1493,181,0,0
BRDA:1493,181,1,0
BRDA:1494,182,0,0
BRDA:1494,182,1,0
BRDA:1500,183,0,0
BRDA:1500,183,1,0
BRDA:1500,184,0,0
BRDA:1500,184,1,0
BRDA:1500,184,2,0
BRDA:1524,185,0,0
BRDA:1533,186,0,0
BRDA:1533,186,1,0
BRDA:1533,186,2,0
BRDA:1533,186,3,0
BRDA:1533,186,4,0
BRDA:1533,186,5,0
BRDA:1533,186,6,0
BRDA:1533,186,7,0
BRDA:1533,186,8,0
BRDA:1571,187,0,0
BRF:358
BRH:0
end_of_record
TN:
SF:src/lib/redis.ts
FN:12,(anonymous_1)
FN:16,(anonymous_2)
FN:20,(anonymous_3)
FN:24,(anonymous_4)
FN:29,(anonymous_5)
FN:35,(anonymous_6)
FNF:6
FNH:0
FNDA:0,(anonymous_1)
FNDA:0,(anonymous_2)
FNDA:0,(anonymous_3)
FNDA:0,(anonymous_4)
FNDA:0,(anonymous_5)
FNDA:0,(anonymous_6)
DA:1,0
DA:2,0
DA:4,0
DA:6,0
DA:12,0
DA:13,0
DA:16,0
DA:17,0
DA:20,0
DA:21,0
DA:24,0
DA:25,0
DA:29,0
DA:30,0
DA:31,0
DA:32,0
DA:35,0
DA:36,0
DA:37,0
DA:38,0
LF:20
LH:0
BRDA:4,0,0,0
BRDA:4,0,1,0
BRF:2
BRH:0
end_of_record
TN:
SF:src/lib/s3.ts
FN:11,(anonymous_1)
FN:27,(anonymous_2)
FN:59,(anonymous_3)
FN:86,(anonymous_4)
FN:110,(anonymous_5)
FN:128,(anonymous_6)
FN:152,(anonymous_7)
FN:168,(anonymous_8)
FN:179,(anonymous_9)
FN:186,(anonymous_10)
FN:196,(anonymous_11)
FN:227,(anonymous_12)
FNF:12
FNH:0
FNDA:0,(anonymous_1)
FNDA:0,(anonymous_2)
FNDA:0,(anonymous_3)
FNDA:0,(anonymous_4)
FNDA:0,(anonymous_5)
FNDA:0,(anonymous_6)
FNDA:0,(anonymous_7)
FNDA:0,(anonymous_8)
FNDA:0,(anonymous_9)
FNDA:0,(anonymous_10)
FNDA:0,(anonymous_11)
FNDA:0,(anonymous_12)
DA:1,0
DA:2,0
DA:3,0
DA:4,0
DA:6,0
DA:12,0
DA:13,0
DA:15,0
DA:33,0
DA:34,0
DA:44,0
DA:46,0
DA:47,0
DA:49,0
DA:51,0
DA:52,0
DA:64,0
DA:65,0
DA:72,0
DA:76,0
DA:78,0
DA:79,0
DA:90,0
DA:91,0
DA:96,0
DA:100,0
DA:102,0
DA:103,0
DA:111,0
DA:112,0
DA:117,0
DA:118,0
DA:120,0
DA:121,0
DA:133,0
DA:134,0
DA:142,0
DA:144,0
DA:145,0
DA:158,0
DA:159,0
DA:160,0
DA:162,0
DA:169,0
DA:170,0
DA:171,0
DA:173,0
DA:180,0
DA:187,0
DA:188,0
DA:190,0
DA:197,0
DA:221,0
DA:228,0
DA:233,0
LF:55
LH:0
BRDA:12,0,0,0
BRDA:12,0,1,0
BRDA:13,1,0,0
BRDA:13,1,1,0
BRDA:62,2,0,0
BRDA:88,3,0,0
BRDA:130,4,0,0
BRDA:131,5,0,0
BRDA:156,6,0,0
BRDA:187,7,0,0
BRF:10
BRH:0
end_of_record
TN:
SF:src/lib/socket.ts
FN:28,(anonymous_1)
FN:43,(anonymous_2)
FN:60,(anonymous_3)
FN:61,(anonymous_4)
FN:94,(anonymous_5)
FN:109,(anonymous_6)
FN:110,(anonymous_7)
FN:126,(anonymous_8)
FN:132,(anonymous_9)
FN:171,(anonymous_10)
FN:173,(anonymous_11)
FN:227,(anonymous_12)
FN:260,(anonymous_13)
FN:262,(anonymous_14)
FN:317,(anonymous_15)
FN:371,(anonymous_16)
FN:372,(anonymous_17)
FN:383,(anonymous_18)
FN:391,(anonymous_19)
FN:407,(anonymous_20)
FN:417,(anonymous_21)
FN:423,(anonymous_22)
FN:444,(anonymous_23)
FN:449,(anonymous_24)
FNF:24
FNH:0
FNDA:0,(anonymous_1)
FNDA:0,(anonymous_2)
FNDA:0,(anonymous_3)
FNDA:0,(anonymous_4)
FNDA:0,(anonymous_5)
FNDA:0,(anonymous_6)
FNDA:0,(anonymous_7)
FNDA:0,(anonymous_8)
FNDA:0,(anonymous_9)
FNDA:0,(anonymous_10)
FNDA:0,(anonymous_11)
FNDA:0,(anonymous_12)
FNDA:0,(anonymous_13)
FNDA:0,(anonymous_14)
FNDA:0,(anonymous_15)
FNDA:0,(anonymous_16)
FNDA:0,(anonymous_17)
FNDA:0,(anonymous_18)
FNDA:0,(anonymous_19)
FNDA:0,(anonymous_20)
FNDA:0,(anonymous_21)
FNDA:0,(anonymous_22)
FNDA:0,(anonymous_23)
FNDA:0,(anonymous_24)
DA:1,0
DA:3,0
DA:4,0
DA:5,0
DA:6,0
DA:7,0
DA:24,0
DA:29,0
DA:38,0
DA:39,0
DA:40,0
DA:44,0
DA:45,0
DA:46,0
DA:47,0
DA:49,0
DA:50,0
DA:52,0
DA:53,0
DA:55,0
DA:61,0
DA:62,0
DA:63,0
DA:65,0
DA:66,0
DA:69,0
DA:72,0
DA:84,0
DA:85,0
DA:88,0
DA:89,0
DA:94,0
DA:101,0
DA:103,0
DA:104,0
DA:110,0
DA:111,0
DA:114,0
DA:117,0
DA:120,0
DA:123,0
DA:126,0
DA:127,0
DA:133,0
DA:135,0
DA:137,0
DA:138,0
DA:140,0
DA:143,0
DA:145,0
DA:154,0
DA:161,0
DA:162,0
DA:165,0
DA:167,0
DA:173,0
DA:174,0
DA:175,0
DA:178,0
DA:179,0
DA:180,0
DA:181,0
DA:185,0
DA:214,0
DA:217,0
DA:219,0
DA:221,0
DA:222,0
DA:227,0
DA:228,0
DA:229,0
DA:231,0
DA:249,0
DA:255,0
DA:262,0
DA:263,0
DA:264,0
DA:267,0
DA:272,0
DA:273,0
DA:274,0
DA:278,0
DA:279,0
DA:280,0
DA:281,0
DA:285,0
DA:307,0
DA:309,0
DA:311,0
DA:312,0
DA:317,0
DA:318,0
DA:319,0
DA:321,0
DA:326,0
DA:327,0
DA:328,0
DA:332,0
DA:333,0
DA:334,0
DA:335,0
DA:339,0
DA:356,0
DA:359,0
DA:360,0
DA:363,0
DA:365,0
DA:366,0
DA:372,0
DA:373,0
DA:374,0
DA:383,0
DA:384,0
DA:385,0
DA:392,0
DA:393,0
DA:398,0
DA:400,0
DA:404,0
DA:407,0
DA:408,0
DA:412,0
DA:413,0
DA:418,0
DA:420,0
DA:422,0
DA:423,0
DA:431,0
DA:432,0
DA:440,0
DA:446,0
DA:450,0
LF:132
LH:0
BRDA:31,0,0,0
BRDA:31,0,1,0
BRDA:44,1,0,0
BRDA:63,2,0,0
BRDA:63,2,1,0
BRDA:65,3,0,0
BRDA:84,4,0,0
BRDA:84,5,0,0
BRDA:84,5,1,0
BRDA:138,6,0,0
BRDA:138,6,1,0
BRDA:143,7,0,0
BRDA:179,8,0,0
BRDA:190,9,0,0
BRDA:190,9,1,0
BRDA:217,10,0,0
BRDA:217,10,1,0
BRDA:272,11,0,0
BRDA:279,12,0,0
BRDA:293,13,0,0
BRDA:293,13,1,0
BRDA:294,14,0,0
BRDA:294,14,1,0
BRDA:326,15,0,0
BRDA:333,16,0,0
BRDA:343,17,0,0
BRDA:343,17,1,0
BRDA:359,18,0,0
BRDA:359,19,0,0
BRDA:359,19,1,0
BRDA:398,20,0,0
BRDA:404,21,0,0
BRDA:408,22,0,0
BRDA:408,22,1,0
BRDA:408,22,2,0
BRDA:418,23,0,0
BRF:36
BRH:0
end_of_record
TN:
SF:src/lib/svix.ts
FNF:0
FNH:0
DA:1,0
DA:3,0
DA:5,0
LF:3
LH:0
BRDA:3,0,0,0
BRDA:3,0,1,0
BRF:2
BRH:0
end_of_record
TN:
SF:src/middleware/auth.ts
FN:32,(anonymous_1)
FN:75,(anonymous_2)
FN:85,(anonymous_3)
FN:110,(anonymous_4)
FN:122,(anonymous_5)
FN:123,(anonymous_6)
FN:125,(anonymous_7)
FN:140,(anonymous_8)
FN:154,(anonymous_9)
FN:160,(anonymous_10)
FNF:10
FNH:0
FNDA:0,(anonymous_1)
FNDA:0,(anonymous_2)
FNDA:0,(anonymous_3)
FNDA:0,(anonymous_4)
FNDA:0,(anonymous_5)
FNDA:0,(anonymous_6)
FNDA:0,(anonymous_7)
FNDA:0,(anonymous_8)
FNDA:0,(anonymous_9)
FNDA:0,(anonymous_10)
DA:2,0
DA:3,0
DA:4,0
DA:32,0
DA:33,0
DA:34,0
DA:35,0
DA:37,0
DA:38,0
DA:45,0
DA:47,0
DA:48,0
DA:55,0
DA:67,0
DA:68,0
DA:75,0
DA:78,0
DA:85,0
DA:92,0
DA:94,0
DA:95,0
DA:101,0
DA:102,0
DA:110,0
DA:111,0
DA:112,0
DA:113,0
DA:118,0
DA:122,0
DA:123,0
DA:124,0
DA:125,0
DA:126,0
DA:129,0
DA:130,0
DA:135,0
DA:140,0
DA:141,0
DA:142,0
DA:144,0
DA:145,0
DA:150,0
DA:154,0
DA:155,0
DA:156,0
DA:158,0
DA:160,0
DA:161,0
DA:165,0
DA:166,0
DA:172,0
DA:176,0
DA:183,0
DA:191,0
LF:54
LH:0
BRDA:35,0,0,0
BRDA:35,0,1,0
BRDA:37,1,0,0
BRDA:45,2,0,0
BRDA:45,2,1,0
BRDA:47,3,0,0
BRDA:67,4,0,0
BRDA:75,5,0,0
BRDA:75,5,1,0
BRDA:83,6,0,0
BRDA:83,6,1,0
BRDA:84,7,0,0
BRDA:84,7,1,0
BRDA:86,8,0,0
BRDA:86,8,1,0
BRDA:87,9,0,0
BRDA:87,9,1,0
BRDA:94,10,0,0
BRDA:112,11,0,0
BRDA:129,12,0,0
BRDA:142,13,0,0
BRDA:142,13,1,0
BRDA:144,14,0,0
BRDA:144,15,0,0
BRDA:144,15,1,0
BRDA:156,16,0,0
BRDA:156,16,1,0
BRDA:158,17,0,0
BRDA:161,18,0,0
BRDA:161,18,1,0
BRDA:161,18,2,0
BRDA:165,19,0,0
BRF:32
BRH:0
end_of_record
TN:
SF:src/routes/auth.ts
FN:36,(anonymous_1)
FN:45,(anonymous_2)
FN:122,(anonymous_3)
FN:151,(anonymous_4)
FN:228,(anonymous_5)
FN:294,(anonymous_6)
FN:373,(anonymous_7)
FN:444,(anonymous_8)
FN:480,(anonymous_9)
FN:520,(anonymous_10)
FNF:10
FNH:0
FNDA:0,(anonymous_1)
FNDA:0,(anonymous_2)
FNDA:0,(anonymous_3)
FNDA:0,(anonymous_4)
FNDA:0,(anonymous_5)
FNDA:0,(anonymous_6)
FNDA:0,(anonymous_7)
FNDA:0,(anonymous_8)
FNDA:0,(anonymous_9)
FNDA:0,(anonymous_10)
DA:1,0
DA:2,0
DA:3,0
DA:4,0
DA:5,0
DA:6,0
DA:7,0
DA:9,0
DA:12,0
DA:17,0
DA:26,0
DA:30,0
DA:36,0
DA:37,0
DA:45,0
DA:46,0
DA:47,0
DA:50,0
DA:62,0
DA:63,0
DA:72,0
DA:73,0
DA:80,0
DA:81,0
DA:82,0
DA:89,0
DA:91,0
DA:106,0
DA:107,0
DA:113,0
DA:114,0
DA:122,0
DA:123,0
DA:124,0
DA:127,0
DA:131,0
DA:132,0
DA:139,0
DA:143,0
DA:144,0
DA:151,0
DA:153,0
DA:162,0
DA:172,0
DA:181,0
DA:190,0
DA:194,0
DA:196,0
DA:212,0
DA:213,0
DA:219,0
DA:220,0
DA:228,0
DA:229,0
DA:230,0
DA:231,0
DA:232,0
DA:238,0
DA:240,0
DA:241,0
DA:244,0
DA:256,0
DA:257,0
DA:263,0
DA:265,0
DA:279,0
DA:285,0
DA:286,0
DA:294,0
DA:295,0
DA:296,0
DA:299,0
DA:303,0
DA:305,0
DA:315,0
DA:323,0
DA:324,0
DA:327,0
DA:336,0
DA:337,0
DA:339,0
DA:346,0
DA:348,0
DA:352,0
DA:357,0
DA:358,0
DA:364,0
DA:365,0
DA:373,0
DA:374,0
DA:375,0
DA:378,0
DA:391,0
DA:392,0
DA:399,0
DA:402,0
DA:414,0
DA:423,0
DA:428,0
DA:429,0
DA:435,0
DA:436,0
DA:444,0
DA:445,0
DA:447,0
DA:456,0
DA:457,0
DA:458,0
DA:459,0
DA:461,0
DA:464,0
DA:471,0
DA:472,0
DA:480,0
DA:481,0
DA:482,0
DA:484,0
DA:485,0
DA:491,0
DA:494,0
DA:496,0
DA:497,0
DA:498,0
DA:504,0
DA:505,0
DA:511,0
DA:512,0
DA:520,0
DA:521,0
DA:522,0
DA:523,0
DA:524,0
DA:530,0
DA:531,0
DA:534,0
DA:554,0
DA:555,0
DA:561,0
DA:576,0
DA:577,0
DA:584,0
LF:141
LH:0
BRDA:39,0,0,0
BRDA:39,0,1,0
BRDA:62,1,0,0
BRDA:72,2,0,0
BRDA:72,3,0,0
BRDA:72,3,1,0
BRDA:81,4,0,0
BRDA:102,5,0,0
BRDA:102,5,1,0
BRDA:106,6,0,0
BRDA:131,7,0,0
BRDA:143,8,0,0
BRDA:212,9,0,0
BRDA:231,10,0,0
BRDA:231,11,0,0
BRDA:231,11,1,0
BRDA:241,12,0,0
BRDA:241,12,1,0
BRDA:256,13,0,0
BRDA:275,14,0,0
BRDA:275,14,1,0
BRDA:303,15,0,0
BRDA:337,16,0,0
BRDA:337,16,1,0
BRDA:357,17,0,0
BRDA:391,18,0,0
BRDA:428,19,0,0
BRDA:448,20,0,0
BRDA:448,20,1,0
BRDA:449,21,0,0
BRDA:449,21,1,0
BRDA:484,22,0,0
BRDA:496,23,0,0
BRDA:496,23,1,0
BRDA:523,24,0,0
BRDA:523,25,0,0
BRDA:523,25,1,0
BRDA:554,26,0,0
BRDA:571,27,0,0
BRDA:571,27,1,0
BRDA:572,28,0,0
BRDA:572,28,1,0
BRF:42
BRH:0
end_of_record
TN:
SF:src/routes/brands.ts
FN:12,(anonymous_1)
FN:66,(anonymous_2)
FN:97,(anonymous_3)
FN:114,(anonymous_4)
FN:140,(anonymous_5)
FN:171,(anonymous_6)
FN:195,(anonymous_7)
FN:300,(anonymous_8)
FN:368,(anonymous_9)
FN:406,(anonymous_10)
FN:454,(anonymous_11)
FN:515,(anonymous_12)
FN:529,(anonymous_13)
FN:549,(anonymous_14)
FN:648,(anonymous_15)
FN:730,(anonymous_16)
FNF:16
FNH:0
FNDA:0,(anonymous_1)
FNDA:0,(anonymous_2)
FNDA:0,(anonymous_3)
FNDA:0,(anonymous_4)
FNDA:0,(anonymous_5)
FNDA:0,(anonymous_6)
FNDA:0,(anonymous_7)
FNDA:0,(anonymous_8)
FNDA:0,(anonymous_9)
FNDA:0,(anonymous_10)
FNDA:0,(anonymous_11)
FNDA:0,(anonymous_12)
FNDA:0,(anonymous_13)
FNDA:0,(anonymous_14)
FNDA:0,(anonymous_15)
FNDA:0,(anonymous_16)
DA:1,0
DA:2,0
DA:3,0
DA:4,0
DA:5,0
DA:6,0
DA:7,0
DA:9,0
DA:12,0
DA:13,0
DA:14,0
DA:16,0
DA:17,0
DA:23,0
DA:25,0
DA:26,0
DA:32,0
DA:38,0
DA:39,0
DA:47,0
DA:58,0
DA:66,0
DA:67,0
DA:68,0
DA:71,0
DA:72,0
DA:74,0
DA:75,0
DA:82,0
DA:89,0
DA:90,0
DA:97,0
DA:99,0
DA:112,0
DA:113,0
DA:114,0
DA:115,0
DA:116,0
DA:118,0
DA:129,0
DA:132,0
DA:135,0
DA:139,0
DA:140,0
DA:141,0
DA:142,0
DA:144,0
DA:152,0
DA:154,0
DA:159,0
DA:162,0
DA:171,0
DA:179,0
DA:180,0
DA:186,0
DA:187,0
DA:195,0
DA:196,0
DA:197,0
DA:200,0
DA:205,0
DA:206,0
DA:212,0
DA:213,0
DA:219,0
DA:220,0
DA:227,0
DA:231,0
DA:233,0
DA:244,0
DA:254,0
DA:263,0
DA:268,0
DA:284,0
DA:285,0
DA:291,0
DA:292,0
DA:300,0
DA:301,0
DA:302,0
DA:304,0
DA:305,0
DA:311,0
DA:319,0
DA:320,0
DA:326,0
DA:327,0
DA:333,0
DA:334,0
DA:340,0
DA:359,0
DA:360,0
DA:368,0
DA:369,0
DA:370,0
DA:371,0
DA:373,0
DA:374,0
DA:380,0
DA:392,0
DA:397,0
DA:398,0
DA:406,0
DA:407,0
DA:408,0
DA:409,0
DA:410,0
DA:412,0
DA:413,0
DA:419,0
DA:433,0
DA:434,0
DA:440,0
DA:445,0
DA:446,0
DA:454,0
DA:455,0
DA:456,0
DA:457,0
DA:458,0
DA:460,0
DA:461,0
DA:467,0
DA:475,0
DA:476,0
DA:484,0
DA:485,0
DA:492,0
DA:500,0
DA:506,0
DA:507,0
DA:515,0
DA:516,0
DA:517,0
DA:519,0
DA:521,0
DA:527,0
DA:529,0
DA:540,0
DA:541,0
DA:549,0
DA:550,0
DA:551,0
DA:552,0
DA:553,0
DA:555,0
DA:556,0
DA:562,0
DA:564,0
DA:565,0
DA:572,0
DA:579,0
DA:580,0
DA:587,0
DA:595,0
DA:596,0
DA:603,0
DA:604,0
DA:606,0
DA:618,0
DA:619,0
DA:620,0
DA:627,0
DA:629,0
DA:633,0
DA:639,0
DA:640,0
DA:648,0
DA:649,0
DA:650,0
DA:651,0
DA:652,0
DA:654,0
DA:655,0
DA:661,0
DA:673,0
DA:674,0
DA:681,0
DA:682,0
DA:689,0
DA:690,0
DA:692,0
DA:701,0
DA:702,0
DA:703,0
DA:710,0
DA:712,0
DA:715,0
DA:721,0
DA:722,0
DA:730,0
DA:731,0
DA:732,0
DA:733,0
DA:734,0
DA:736,0
DA:737,0
DA:743,0
DA:751,0
DA:752,0
DA:758,0
DA:762,0
DA:767,0
DA:768,0
DA:775,0
LF:205
LH:0
BRDA:16,0,0,0
BRDA:25,1,0,0
BRDA:25,1,1,0
BRDA:74,2,0,0
BRDA:89,3,0,0
BRDA:105,4,0,0
BRDA:105,4,1,0
BRDA:106,5,0,0
BRDA:106,5,1,0
BRDA:113,6,0,0
BRDA:113,7,0,0
BRDA:113,7,1,0
BRDA:139,8,0,0
BRDA:142,9,0,0
BRDA:142,9,1,0
BRDA:179,10,0,0
BRDA:205,11,0,0
BRDA:212,12,0,0
BRDA:219,13,0,0
BRDA:231,14,0,0
BRDA:231,14,1,0
BRDA:284,15,0,0
BRDA:304,16,0,0
BRDA:304,17,0,0
BRDA:304,17,1,0
BRDA:319,18,0,0
BRDA:326,19,0,0
BRDA:333,20,0,0
BRDA:373,21,0,0
BRDA:412,22,0,0
BRDA:433,23,0,0
BRDA:460,24,0,0
BRDA:470,25,0,0
BRDA:470,25,1,0
BRDA:471,26,0,0
BRDA:471,26,1,0
BRDA:475,27,0,0
BRDA:484,28,0,0
BRDA:555,29,0,0
BRDA:564,30,0,0
BRDA:564,31,0,0
BRDA:564,31,1,0
BRDA:579,32,0,0
BRDA:595,33,0,0
BRDA:619,34,0,0
BRDA:619,34,1,0
BRDA:654,35,0,0
BRDA:673,36,0,0
BRDA:681,37,0,0
BRDA:702,38,0,0
BRDA:702,38,1,0
BRDA:736,39,0,0
BRDA:751,40,0,0
BRF:53
BRH:0
end_of_record
TN:
SF:src/routes/chat-files.ts
FN:16,(anonymous_1)
FN:29,(anonymous_2)
FN:122,(anonymous_3)
FN:145,(anonymous_4)
FN:189,(anonymous_5)
FN:235,(anonymous_6)
FN:255,(anonymous_7)
FN:302,(anonymous_8)
FN:357,verifyRoomAccess
FN:373,(anonymous_10)
FNF:10
FNH:0
FNDA:0,(anonymous_1)
FNDA:0,(anonymous_2)
FNDA:0,(anonymous_3)
FNDA:0,(anonymous_4)
FNDA:0,(anonymous_5)
FNDA:0,(anonymous_6)
FNDA:0,(anonymous_7)
FNDA:0,(anonymous_8)
FNDA:0,verifyRoomAccess
FNDA:0,(anonymous_10)
DA:1,0
DA:2,0
DA:3,0
DA:4,0
DA:5,0
DA:6,0
DA:8,0
DA:11,0
DA:17,0
DA:18,0
DA:20,0
DA:29,0
DA:30,0
DA:31,0
DA:32,0
DA:33,0
DA:35,0
DA:36,0
DA:40,0
DA:41,0
DA:42,0
DA:46,0
DA:47,0
DA:48,0
DA:54,0
DA:57,0
DA:69,0
DA:70,0
DA:72,0
DA:73,0
DA:74,0
DA:75,0
DA:76,0
DA:82,0
DA:88,0
DA:120,0
DA:122,0
DA:129,0
DA:134,0
DA:136,0
DA:137,0
DA:145,0
DA:146,0
DA:147,0
DA:148,0
DA:149,0
DA:151,0
DA:152,0
DA:156,0
DA:157,0
DA:158,0
DA:162,0
DA:163,0
DA:167,0
DA:170,0
DA:171,0
DA:173,0
DA:180,0
DA:181,0
DA:189,0
DA:190,0
DA:191,0
DA:192,0
DA:193,0
DA:196,0
DA:197,0
DA:198,0
DA:202,0
DA:233,0
DA:235,0
DA:241,0
DA:246,0
DA:247,0
DA:255,0
DA:256,0
DA:257,0
DA:258,0
DA:261,0
DA:272,0
DA:273,0
DA:277,0
DA:278,0
DA:279,0
DA:283,0
DA:285,0
DA:293,0
DA:294,0
DA:302,0
DA:303,0
DA:304,0
DA:305,0
DA:308,0
DA:320,0
DA:321,0
DA:325,0
DA:326,0
DA:330,0
DA:333,0
DA:334,0
DA:335,0
DA:337,0
DA:342,0
DA:346,0
DA:351,0
DA:352,0
DA:358,0
DA:359,0
DA:364,0
DA:366,0
DA:370,0
DA:373,0
DA:374,0
DA:376,0
DA:377,0
DA:379,0
DA:382,0
DA:385,0
DA:386,0
DA:390,0
LF:119
LH:0
BRDA:17,0,0,0
BRDA:17,0,1,0
BRDA:35,1,0,0
BRDA:41,2,0,0
BRDA:47,3,0,0
BRDA:72,4,0,0
BRDA:93,5,0,0
BRDA:93,5,1,0
BRDA:101,6,0,0
BRDA:101,6,1,0
BRDA:125,7,0,0
BRDA:125,7,1,0
BRDA:151,8,0,0
BRDA:151,9,0,0
BRDA:151,9,1,0
BRDA:157,10,0,0
BRDA:162,11,0,0
BRDA:197,12,0,0
BRDA:207,13,0,0
BRDA:207,13,1,0
BRDA:215,14,0,0
BRDA:215,14,1,0
BRDA:272,15,0,0
BRDA:278,16,0,0
BRDA:320,17,0,0
BRDA:325,18,0,0
BRDA:333,19,0,0
BRDA:364,20,0,0
BRDA:370,21,0,0
BRDA:374,22,0,0
BRDA:374,22,1,0
BRDA:377,23,0,0
BRDA:379,24,0,0
BRDA:379,24,1,0
BRF:34
BRH:0
end_of_record
TN:
SF:src/routes/chat.ts
FN:12,(anonymous_1)
FN:83,(anonymous_2)
FN:118,(anonymous_3)
FN:133,(anonymous_4)
FN:172,(anonymous_5)
FN:243,(anonymous_6)
FN:297,(anonymous_7)
FN:363,(anonymous_8)
FN:386,(anonymous_9)
FN:447,(anonymous_10)
FN:495,(anonymous_11)
FN:540,(anonymous_12)
FN:593,(anonymous_13)
FN:654,(anonymous_14)
FN:702,verifyRoomAccess
FN:718,(anonymous_16)
FNF:16
FNH:0
FNDA:0,(anonymous_1)
FNDA:0,(anonymous_2)
FNDA:0,(anonymous_3)
FNDA:0,(anonymous_4)
FNDA:0,(anonymous_5)
FNDA:0,(anonymous_6)
FNDA:0,(anonymous_7)
FNDA:0,(anonymous_8)
FNDA:0,(anonymous_9)
FNDA:0,(anonymous_10)
FNDA:0,(anonymous_11)
FNDA:0,(anonymous_12)
FNDA:0,(anonymous_13)
FNDA:0,(anonymous_14)
FNDA:0,verifyRoomAccess
FNDA:0,(anonymous_16)
DA:1,0
DA:2,0
DA:3,0
DA:4,0
DA:6,0
DA:12,0
DA:13,0
DA:14,0
DA:17,0
DA:29,0
DA:30,0
DA:34,0
DA:36,0
DA:37,0
DA:39,0
DA:42,0
DA:44,0
DA:53,0
DA:82,0
DA:84,0
DA:96,0
DA:104,0
DA:109,0
DA:110,0
DA:118,0
DA:119,0
DA:120,0
DA:121,0
DA:124,0
DA:129,0
DA:130,0
DA:133,0
DA:134,0
DA:138,0
DA:139,0
DA:143,0
DA:158,0
DA:163,0
DA:164,0
DA:172,0
DA:173,0
DA:174,0
DA:175,0
DA:176,0
DA:179,0
DA:180,0
DA:181,0
DA:184,0
DA:229,0
DA:234,0
DA:235,0
DA:243,0
DA:244,0
DA:245,0
DA:246,0
DA:247,0
DA:250,0
DA:251,0
DA:252,0
DA:255,0
DA:283,0
DA:288,0
DA:289,0
DA:297,0
DA:298,0
DA:299,0
DA:300,0
DA:303,0
DA:304,0
DA:305,0
DA:309,0
DA:317,0
DA:318,0
DA:323,0
DA:363,0
DA:372,0
DA:377,0
DA:378,0
DA:386,0
DA:387,0
DA:388,0
DA:389,0
DA:390,0
DA:393,0
DA:400,0
DA:401,0
DA:405,0
DA:406,0
DA:407,0
DA:411,0
DA:433,0
DA:438,0
DA:439,0
DA:447,0
DA:448,0
DA:449,0
DA:450,0
DA:452,0
DA:471,0
DA:472,0
DA:476,0
DA:477,0
DA:478,0
DA:481,0
DA:486,0
DA:487,0
DA:495,0
DA:496,0
DA:497,0
DA:498,0
DA:501,0
DA:506,0
DA:507,0
DA:511,0
DA:512,0
DA:513,0
DA:516,0
DA:526,0
DA:531,0
DA:532,0
DA:540,0
DA:541,0
DA:542,0
DA:543,0
DA:544,0
DA:546,0
DA:547,0
DA:551,0
DA:556,0
DA:557,0
DA:561,0
DA:562,0
DA:563,0
DA:566,0
DA:579,0
DA:584,0
DA:585,0
DA:593,0
DA:594,0
DA:595,0
DA:605,0
DA:606,0
DA:609,0
DA:610,0
DA:611,0
DA:614,0
DA:640,0
DA:645,0
DA:646,0
DA:654,0
DA:655,0
DA:656,0
DA:657,0
DA:658,0
DA:660,0
DA:661,0
DA:665,0
DA:666,0
DA:667,0
DA:670,0
DA:691,0
DA:696,0
DA:697,0
DA:703,0
DA:704,0
DA:709,0
DA:711,0
DA:715,0
DA:718,0
DA:719,0
DA:721,0
DA:722,0
DA:724,0
DA:727,0
DA:730,0
DA:731,0
DA:735,0
LF:177
LH:0
BRDA:29,0,0,0
BRDA:37,1,0,0
BRDA:37,1,1,0
BRDA:42,2,0,0
BRDA:99,3,0,0
BRDA:99,3,1,0
BRDA:129,4,0,0
BRDA:134,5,0,0
BRDA:134,5,1,0
BRDA:134,5,2,0
BRDA:138,6,0,0
BRDA:175,7,0,0
BRDA:180,8,0,0
BRDA:187,9,0,0
BRDA:187,9,1,0
BRDA:251,10,0,0
BRDA:258,11,0,0
BRDA:258,11,1,0
BRDA:304,12,0,0
BRDA:317,13,0,0
BRDA:353,14,0,0
BRDA:353,14,1,0
BRDA:368,15,0,0
BRDA:368,15,1,0
BRDA:369,16,0,0
BRDA:369,16,1,0
BRDA:400,17,0,0
BRDA:406,18,0,0
BRDA:415,19,0,0
BRDA:415,19,1,0
BRDA:471,20,0,0
BRDA:477,21,0,0
BRDA:506,22,0,0
BRDA:512,23,0,0
BRDA:546,24,0,0
BRDA:556,25,0,0
BRDA:562,26,0,0
BRDA:601,27,0,0
BRDA:610,28,0,0
BRDA:621,29,0,0
BRDA:621,29,1,0
BRDA:657,30,0,0
BRDA:660,31,0,0
BRDA:666,32,0,0
BRDA:709,33,0,0
BRDA:715,34,0,0
BRDA:719,35,0,0
BRDA:719,35,1,0
BRDA:722,36,0,0
BRDA:724,37,0,0
BRDA:724,37,1,0
BRF:51
BRH:0
end_of_record
TN:
SF:src/routes/dashboard.ts
FN:12,(anonymous_1)
FN:23,(anonymous_2)
FN:44,(anonymous_3)
FN:324,(anonymous_4)
FN:344,(anonymous_5)
FN:345,(anonymous_6)
FN:401,(anonymous_7)
FN:402,(anonymous_8)
FNF:8
FNH:0
FNDA:0,(anonymous_1)
FNDA:0,(anonymous_2)
FNDA:0,(anonymous_3)
FNDA:0,(anonymous_4)
FNDA:0,(anonymous_5)
FNDA:0,(anonymous_6)
FNDA:0,(anonymous_7)
FNDA:0,(anonymous_8)
DA:1,0
DA:2,0
DA:3,0
DA:4,0
DA:6,0
DA:12,0
DA:13,0
DA:23,0
DA:24,0
DA:25,0
DA:26,0
DA:29,0
DA:32,0
DA:40,0
DA:41,0
DA:44,0
DA:45,0
DA:46,0
DA:48,0
DA:49,0
DA:56,0
DA:59,0
DA:60,0
DA:61,0
DA:62,0
DA:64,0
DA:65,0
DA:69,0
DA:77,0
DA:78,0
DA:81,0
DA:83,0
DA:88,0
DA:90,0
DA:94,0
DA:96,0
DA:98,0
DA:100,0
DA:102,0
DA:103,0
DA:106,0
DA:110,0
DA:123,0
DA:125,0
DA:130,0
DA:148,0
DA:151,0
DA:152,0
DA:156,0
DA:157,0
DA:162,0
DA:163,0
DA:167,0
DA:169,0
DA:171,0
DA:172,0
DA:173,0
DA:174,0
DA:177,0
DA:182,0
DA:199,0
DA:203,0
DA:213,0
DA:214,0
DA:217,0
DA:218,0
DA:219,0
DA:220,0
DA:222,0
DA:223,0
DA:224,0
DA:225,0
DA:229,0
DA:231,0
DA:232,0
DA:233,0
DA:236,0
DA:237,0
DA:238,0
DA:239,0
DA:241,0
DA:242,0
DA:243,0
DA:244,0
DA:246,0
DA:247,0
DA:248,0
DA:249,0
DA:250,0
DA:254,0
DA:255,0
DA:257,0
DA:258,0
DA:260,0
DA:263,0
DA:264,0
DA:265,0
DA:266,0
DA:270,0
DA:272,0
DA:274,0
DA:275,0
DA:279,0
DA:280,0
DA:281,0
DA:284,0
DA:285,0
DA:289,0
DA:290,0
DA:291,0
DA:295,0
DA:296,0
DA:299,0
DA:301,0
DA:315,0
DA:317,0
DA:318,0
DA:322,0
DA:323,0
DA:324,0
DA:325,0
DA:327,0
DA:337,0
DA:339,0
DA:340,0
DA:344,0
DA:345,0
DA:346,0
DA:357,0
DA:358,0
DA:374,0
DA:394,0
DA:395,0
DA:396,0
DA:400,0
DA:401,0
DA:402,0
DA:405,0
DA:416,0
DA:417,0
DA:418,0
DA:425,0
LF:142
LH:0
BRDA:45,0,0,0
BRDA:48,1,0,0
BRDA:59,2,0,0
BRDA:59,3,0,0
BRDA:59,3,1,0
BRDA:61,4,0,0
BRDA:64,5,0,0
BRDA:77,6,0,0
BRDA:77,7,0,0
BRDA:77,7,1,0
BRDA:81,8,0,0
BRDA:81,8,1,0
BRDA:85,9,0,0
BRDA:85,9,1,0
BRDA:88,10,0,0
BRDA:88,10,1,0
BRDA:98,11,0,0
BRDA:98,11,1,0
BRDA:100,12,0,0
BRDA:100,12,1,0
BRDA:102,13,0,0
BRDA:136,14,0,0
BRDA:136,14,1,0
BRDA:136,15,0,0
BRDA:136,15,1,0
BRDA:138,16,0,0
BRDA:138,16,1,0
BRDA:139,17,0,0
BRDA:139,17,1,0
BRDA:151,18,0,0
BRDA:151,19,0,0
BRDA:151,19,1,0
BRDA:156,20,0,0
BRDA:156,20,1,0
BRDA:159,21,0,0
BRDA:159,21,1,0
BRDA:162,22,0,0
BRDA:162,22,1,0
BRDA:171,23,0,0
BRDA:172,24,0,0
BRDA:172,24,1,0
BRDA:173,25,0,0
BRDA:217,26,0,0
BRDA:222,27,0,0
BRDA:229,28,0,0
BRDA:229,28,1,0
BRDA:229,29,0,0
BRDA:229,29,1,0
BRDA:236,30,0,0
BRDA:236,30,1,0
BRDA:241,31,0,0
BRDA:247,32,0,0
BRDA:258,33,0,0
BRDA:258,33,1,0
BRDA:265,34,0,0
BRDA:265,34,1,0
BRDA:284,35,0,0
BRDA:284,35,1,0
BRDA:287,36,0,0
BRDA:287,36,1,0
BRDA:290,37,0,0
BRDA:295,38,0,0
BRDA:295,39,0,0
BRDA:295,39,1,0
BRDA:348,40,0,0
BRDA:348,40,1,0
BRDA:417,41,0,0
BRDA:417,41,1,0
BRDA:420,42,0,0
BRDA:420,42,1,0
BRF:70
BRH:0
end_of_record
TN:
SF:src/routes/inventory.ts
FN:37,(anonymous_0)
FN:148,(anonymous_1)
FN:183,(anonymous_2)
FN:283,(anonymous_3)
FN:335,(anonymous_4)
FN:367,(anonymous_5)
FN:423,(anonymous_6)
FN:427,(anonymous_7)
FN:443,(anonymous_8)
FN:449,(anonymous_9)
FNF:10
FNH:0
FNDA:0,(anonymous_0)
FNDA:0,(anonymous_1)
FNDA:0,(anonymous_2)
FNDA:0,(anonymous_3)
FNDA:0,(anonymous_4)
FNDA:0,(anonymous_5)
FNDA:0,(anonymous_6)
FNDA:0,(anonymous_7)
FNDA:0,(anonymous_8)
FNDA:0,(anonymous_9)
DA:1,0
DA:2,0
DA:3,0
DA:4,0
DA:5,0
DA:7,0
DA:10,0
DA:20,0
DA:24,0
DA:28,0
DA:37,0
DA:38,0
DA:39,0
DA:40,0
DA:43,0
DA:49,0
DA:50,0
DA:51,0
DA:53,0
DA:54,0
DA:56,0
DA:58,0
DA:65,0
DA:66,0
DA:69,0
DA:75,0
DA:76,0
DA:80,0
DA:81,0
DA:83,0
DA:84,0
DA:86,0
DA:87,0
DA:89,0
DA:90,0
DA:95,0
DA:96,0
DA:97,0
DA:99,0
DA:104,0
DA:105,0
DA:112,0
DA:113,0
DA:117,0
DA:143,0
DA:144,0
DA:145,0
DA:148,0
DA:149,0
DA:150,0
DA:151,0
DA:152,0
DA:153,0
DA:156,0
DA:164,0
DA:174,0
DA:175,0
DA:183,0
DA:184,0
DA:185,0
DA:186,0
DA:189,0
DA:195,0
DA:196,0
DA:197,0
DA:199,0
DA:202,0
DA:247,0
DA:248,0
DA:252,0
DA:253,0
DA:254,0
DA:255,0
DA:256,0
DA:260,0
DA:261,0
DA:262,0
DA:265,0
DA:274,0
DA:275,0
DA:283,0
DA:284,0
DA:285,0
DA:286,0
DA:289,0
DA:295,0
DA:296,0
DA:297,0
DA:299,0
DA:302,0
DA:335,0
DA:336,0
DA:337,0
DA:338,0
DA:339,0
DA:340,0
DA:343,0
DA:351,0
DA:357,0
DA:358,0
DA:367,0
DA:368,0
DA:369,0
DA:370,0
DA:372,0
DA:373,0
DA:377,0
DA:383,0
DA:384,0
DA:385,0
DA:387,0
DA:391,0
DA:406,0
DA:407,0
DA:415,0
DA:423,0
DA:424,0
DA:427,0
DA:439,0
DA:443,0
DA:446,0
DA:449,0
DA:458,0
DA:459,0
DA:463,0
LF:125
LH:0
BRDA:49,0,0,0
BRDA:49,0,1,0
BRDA:49,1,0,0
BRDA:49,1,1,0
BRDA:50,2,0,0
BRDA:54,3,0,0
BRDA:54,4,0,0
BRDA:54,4,1,0
BRDA:56,5,0,0
BRDA:65,6,0,0
BRDA:75,7,0,0
BRDA:80,8,0,0
BRDA:81,9,0,0
BRDA:81,9,1,0
BRDA:81,9,2,0
BRDA:95,10,0,0
BRDA:96,11,0,0
BRDA:96,11,1,0
BRDA:104,12,0,0
BRDA:112,13,0,0
BRDA:144,14,0,0
BRDA:144,14,1,0
BRDA:145,15,0,0
BRDA:145,15,1,0
BRDA:150,16,0,0
BRDA:152,17,0,0
BRDA:152,17,1,0
BRDA:153,18,0,0
BRDA:160,19,0,0
BRDA:160,19,1,0
BRDA:195,20,0,0
BRDA:195,21,0,0
BRDA:195,21,1,0
BRDA:196,22,0,0
BRDA:247,23,0,0
BRDA:253,24,0,0
BRDA:255,25,0,0
BRDA:255,25,1,0
BRDA:256,26,0,0
BRDA:261,27,0,0
BRDA:261,28,0,0
BRDA:261,28,1,0
BRDA:261,28,2,0
BRDA:270,29,0,0
BRDA:270,29,1,0
BRDA:295,30,0,0
BRDA:295,31,0,0
BRDA:295,31,1,0
BRDA:296,32,0,0
BRDA:337,33,0,0
BRDA:339,34,0,0
BRDA:339,34,1,0
BRDA:340,35,0,0
BRDA:347,36,0,0
BRDA:347,36,1,0
BRDA:372,37,0,0
BRDA:383,38,0,0
BRDA:383,39,0,0
BRDA:383,39,1,0
BRDA:384,40,0,0
BRDA:406,41,0,0
BRF:61
BRH:0
end_of_record
TN:
SF:src/routes/messages.ts
FN:20,(anonymous_1)
FN:23,(anonymous_2)
FN:35,(anonymous_3)
FN:80,(anonymous_4)
FN:167,(anonymous_5)
FN:220,(anonymous_6)
FN:264,(anonymous_7)
FN:310,(anonymous_8)
FN:337,(anonymous_9)
FN:374,(anonymous_10)
FN:390,(anonymous_11)
FN:410,(anonymous_12)
FN:473,(anonymous_13)
FN:492,(anonymous_14)
FN:493,(anonymous_15)
FN:502,(anonymous_16)
FN:521,(anonymous_17)
FN:522,(anonymous_18)
FN:533,(anonymous_19)
FN:557,(anonymous_20)
FN:574,(anonymous_21)
FN:586,(anonymous_22)
FN:646,(anonymous_23)
FNF:23
FNH:0
FNDA:0,(anonymous_1)
FNDA:0,(anonymous_2)
FNDA:0,(anonymous_3)
FNDA:0,(anonymous_4)
FNDA:0,(anonymous_5)
FNDA:0,(anonymous_6)
FNDA:0,(anonymous_7)
FNDA:0,(anonymous_8)
FNDA:0,(anonymous_9)
FNDA:0,(anonymous_10)
FNDA:0,(anonymous_11)
FNDA:0,(anonymous_12)
FNDA:0,(anonymous_13)
FNDA:0,(anonymous_14)
FNDA:0,(anonymous_15)
FNDA:0,(anonymous_16)
FNDA:0,(anonymous_17)
FNDA:0,(anonymous_18)
FNDA:0,(anonymous_19)
FNDA:0,(anonymous_20)
FNDA:0,(anonymous_21)
FNDA:0,(anonymous_22)
FNDA:0,(anonymous_23)
DA:1,0
DA:2,0
DA:3,0
DA:4,0
DA:5,0
DA:6,0
DA:7,0
DA:8,0
DA:9,0
DA:11,0
DA:14,0
DA:15,0
DA:16,0
DA:19,0
DA:21,0
DA:24,0
DA:25,0
DA:29,0
DA:37,0
DA:38,0
DA:39,0
DA:41,0
DA:42,0
DA:44,0
DA:50,0
DA:63,0
DA:74,0
DA:80,0
DA:81,0
DA:82,0
DA:84,0
DA:85,0
DA:87,0
DA:88,0
DA:89,0
DA:91,0
DA:95,0
DA:96,0
DA:97,0
DA:98,0
DA:100,0
DA:150,0
DA:161,0
DA:162,0
DA:167,0
DA:168,0
DA:169,0
DA:171,0
DA:208,0
DA:209,0
DA:212,0
DA:214,0
DA:215,0
DA:220,0
DA:221,0
DA:222,0
DA:225,0
DA:226,0
DA:233,0
DA:234,0
DA:238,0
DA:256,0
DA:258,0
DA:259,0
DA:264,0
DA:265,0
DA:266,0
DA:267,0
DA:269,0
DA:276,0
DA:277,0
DA:281,0
DA:282,0
DA:283,0
DA:284,0
DA:287,0
DA:302,0
DA:304,0
DA:305,0
DA:310,0
DA:311,0
DA:312,0
DA:314,0
DA:321,0
DA:322,0
DA:325,0
DA:329,0
DA:331,0
DA:332,0
DA:337,0
DA:338,0
DA:339,0
DA:340,0
DA:342,0
DA:349,0
DA:350,0
DA:353,0
DA:372,0
DA:373,0
DA:374,0
DA:382,0
DA:384,0
DA:385,0
DA:390,0
DA:391,0
DA:392,0
DA:402,0
DA:404,0
DA:405,0
DA:410,0
DA:411,0
DA:412,0
DA:414,0
DA:418,0
DA:427,0
DA:455,0
DA:467,0
DA:468,0
DA:473,0
DA:474,0
DA:475,0
DA:476,0
DA:478,0
DA:479,0
DA:483,0
DA:490,0
DA:492,0
DA:493,0
DA:494,0
DA:497,0
DA:501,0
DA:503,0
DA:515,0
DA:517,0
DA:520,0
DA:521,0
DA:522,0
DA:523,0
DA:528,0
DA:533,0
DA:534,0
DA:535,0
DA:537,0
DA:546,0
DA:547,0
DA:551,0
DA:552,0
DA:556,0
DA:557,0
DA:558,0
DA:562,0
DA:566,0
DA:568,0
DA:569,0
DA:574,0
DA:575,0
DA:576,0
DA:578,0
DA:579,0
DA:582,0
DA:586,0
DA:587,0
DA:588,0
DA:589,0
DA:591,0
DA:601,0
DA:602,0
DA:618,0
DA:619,0
DA:626,0
DA:646,0
DA:654,0
DA:656,0
DA:657,0
DA:661,0
LF:175
LH:0
BRDA:15,0,0,0
BRDA:41,1,0,0
BRDA:41,1,1,0
BRDA:41,2,0,0
BRDA:41,2,1,0
BRDA:81,3,0,0
BRDA:85,4,0,0
BRDA:85,5,0,0
BRDA:95,6,0,0
BRDA:96,7,0,0
BRDA:97,8,0,0
BRDA:98,9,0,0
BRDA:208,10,0,0
BRDA:225,11,0,0
BRDA:233,12,0,0
BRDA:276,13,0,0
BRDA:282,14,0,0
BRDA:282,15,0,0
BRDA:282,15,1,0
BRDA:321,16,0,0
BRDA:340,17,0,0
BRDA:349,18,0,0
BRDA:372,19,0,0
BRDA:418,20,0,0
BRDA:478,21,0,0
BRDA:478,22,0,0
BRDA:478,22,1,0
BRDA:490,23,0,0
BRDA:494,24,0,0
BRDA:520,25,0,0
BRDA:523,26,0,0
BRDA:546,27,0,0
BRDA:551,28,0,0
BRDA:558,29,0,0
BRDA:578,30,0,0
BRDA:588,31,0,0
BRDA:601,32,0,0
BRDA:618,33,0,0
BRDA:651,34,0,0
BRDA:651,34,1,0
BRF:40
BRH:0
end_of_record
TN:
SF:src/routes/notifications.ts
FN:19,(anonymous_0)
FN:44,(anonymous_1)
FNF:2
FNH:0
FNDA:0,(anonymous_0)
FNDA:0,(anonymous_1)
DA:1,0
DA:2,0
DA:3,0
DA:4,0
DA:5,0
DA:7,0
DA:10,0
DA:19,0
DA:20,0
DA:21,0
DA:28,0
DA:29,0
DA:36,0
DA:38,0
DA:39,0
DA:44,0
DA:45,0
DA:46,0
DA:48,0
DA:59,0
DA:61,0
DA:62,0
DA:66,0
LF:23
LH:0
BRDA:28,0,0,0
BRF:1
BRH:0
end_of_record
TN:
SF:src/routes/order-status.ts
FN:8,(anonymous_0)
FNF:1
FNH:0
FNDA:0,(anonymous_0)
DA:1,0
DA:2,0
DA:3,0
DA:5,0
DA:8,0
DA:9,0
DA:10,0
DA:11,0
DA:13,0
DA:14,0
DA:21,0
DA:33,0
DA:34,0
DA:40,0
DA:43,0
DA:54,0
DA:55,0
DA:62,0
DA:63,0
DA:64,0
DA:65,0
DA:67,0
DA:78,0
DA:83,0
DA:84,0
DA:91,0
LF:26
LH:0
BRDA:13,0,0,0
BRDA:33,1,0,0
BRDA:33,2,0,0
BRDA:33,2,1,0
BRDA:47,3,0,0
BRDA:47,3,1,0
BRDA:47,4,0,0
BRDA:47,4,1,0
BRDA:54,5,0,0
BRDA:62,6,0,0
BRDA:62,6,1,0
BRDA:63,7,0,0
BRDA:63,7,1,0
BRDA:64,8,0,0
BRDA:64,8,1,0
BRDA:65,9,0,0
BRDA:65,9,1,0
BRF:17
BRH:0
end_of_record
TN:
SF:src/routes/orders.ts
FN:14,(anonymous_1)
FN:138,(anonymous_2)
FN:149,(anonymous_3)
FN:184,(anonymous_4)
FN:259,(anonymous_5)
FN:288,(anonymous_6)
FN:393,(anonymous_7)
FN:520,(anonymous_8)
FN:657,(anonymous_9)
FN:732,(anonymous_10)
FN:781,(anonymous_11)
FN:814,(anonymous_12)
FN:846,(anonymous_13)
FN:906,(anonymous_14)
FN:952,(anonymous_15)
FN:990,(anonymous_16)
FN:1076,(anonymous_17)
FN:1091,(anonymous_18)
FN:1115,(anonymous_19)
FN:1210,(anonymous_20)
FN:1211,(anonymous_21)
FN:1212,(anonymous_22)
FN:1233,(anonymous_23)
FN:1302,(anonymous_24)
FN:1377,(anonymous_25)
FN:1447,(anonymous_26)
FN:1532,(anonymous_27)
FNF:27
FNH:0
FNDA:0,(anonymous_1)
FNDA:0,(anonymous_2)
FNDA:0,(anonymous_3)
FNDA:0,(anonymous_4)
FNDA:0,(anonymous_5)
FNDA:0,(anonymous_6)
FNDA:0,(anonymous_7)
FNDA:0,(anonymous_8)
FNDA:0,(anonymous_9)
FNDA:0,(anonymous_10)
FNDA:0,(anonymous_11)
FNDA:0,(anonymous_12)
FNDA:0,(anonymous_13)
FNDA:0,(anonymous_14)
FNDA:0,(anonymous_15)
FNDA:0,(anonymous_16)
FNDA:0,(anonymous_17)
FNDA:0,(anonymous_18)
FNDA:0,(anonymous_19)
FNDA:0,(anonymous_20)
FNDA:0,(anonymous_21)
FNDA:0,(anonymous_22)
FNDA:0,(anonymous_23)
FNDA:0,(anonymous_24)
FNDA:0,(anonymous_25)
FNDA:0,(anonymous_26)
FNDA:0,(anonymous_27)
DA:1,0
DA:2,0
DA:3,0
DA:5,0
DA:6,0
DA:8,0
DA:14,0
DA:15,0
DA:24,0
DA:27,0
DA:28,0
DA:29,0
DA:32,0
DA:34,0
DA:36,0
DA:37,0
DA:38,0
DA:42,0
DA:46,0
DA:47,0
DA:49,0
DA:50,0
DA:72,0
DA:77,0
DA:78,0
DA:84,0
DA:85,0
DA:87,0
DA:92,0
DA:93,0
DA:94,0
DA:97,0
DA:138,0
DA:149,0
DA:160,0
DA:172,0
DA:173,0
DA:184,0
DA:185,0
DA:186,0
DA:189,0
DA:190,0
DA:191,0
DA:194,0
DA:196,0
DA:197,0
DA:199,0
DA:202,0
DA:236,0
DA:237,0
DA:244,0
DA:259,0
DA:270,0
DA:276,0
DA:277,0
DA:288,0
DA:289,0
DA:290,0
DA:291,0
DA:294,0
DA:295,0
DA:296,0
DA:299,0
DA:301,0
DA:302,0
DA:304,0
DA:308,0
DA:312,0
DA:313,0
DA:320,0
DA:321,0
DA:322,0
DA:331,0
DA:332,0
DA:333,0
DA:335,0
DA:337,0
DA:338,0
DA:339,0
DA:342,0
DA:343,0
DA:344,0
DA:351,0
DA:355,0
DA:356,0
DA:358,0
DA:359,0
DA:369,0
DA:374,0
DA:381,0
DA:382,0
DA:393,0
DA:394,0
DA:395,0
DA:396,0
DA:399,0
DA:400,0
DA:401,0
DA:404,0
DA:406,0
DA:407,0
DA:409,0
DA:413,0
DA:417,0
DA:418,0
DA:425,0
DA:426,0
DA:443,0
DA:444,0
DA:445,0
DA:454,0
DA:455,0
DA:456,0
DA:458,0
DA:460,0
DA:461,0
DA:462,0
DA:465,0
DA:466,0
DA:467,0
DA:474,0
DA:478,0
DA:479,0
DA:481,0
DA:482,0
DA:492,0
DA:501,0
DA:508,0
DA:509,0
DA:520,0
DA:521,0
DA:522,0
DA:523,0
DA:526,0
DA:527,0
DA:528,0
DA:531,0
DA:533,0
DA:534,0
DA:536,0
DA:540,0
DA:545,0
DA:546,0
DA:553,0
DA:554,0
DA:555,0
DA:564,0
DA:565,0
DA:566,0
DA:568,0
DA:570,0
DA:571,0
DA:572,0
DA:575,0
DA:576,0
DA:577,0
DA:584,0
DA:588,0
DA:589,0
DA:591,0
DA:592,0
DA:604,0
DA:612,0
DA:618,0
DA:620,0
DA:626,0
DA:638,0
DA:645,0
DA:646,0
DA:657,0
DA:658,0
DA:659,0
DA:660,0
DA:663,0
DA:664,0
DA:665,0
DA:666,0
DA:669,0
DA:671,0
DA:672,0
DA:674,0
DA:678,0
DA:682,0
DA:683,0
DA:691,0
DA:692,0
DA:694,0
DA:702,0
DA:704,0
DA:709,0
DA:714,0
DA:720,0
DA:721,0
DA:732,0
DA:733,0
DA:734,0
DA:737,0
DA:738,0
DA:739,0
DA:742,0
DA:744,0
DA:745,0
DA:747,0
DA:751,0
DA:755,0
DA:756,0
DA:762,0
DA:764,0
DA:770,0
DA:771,0
DA:781,0
DA:782,0
DA:783,0
DA:786,0
DA:796,0
DA:797,0
DA:803,0
DA:805,0
DA:806,0
DA:807,0
DA:810,0
DA:812,0
DA:814,0
DA:826,0
DA:827,0
DA:835,0
DA:836,0
DA:846,0
DA:847,0
DA:848,0
DA:851,0
DA:861,0
DA:862,0
DA:868,0
DA:869,0
DA:871,0
DA:872,0
DA:878,0
DA:886,0
DA:887,0
DA:895,0
DA:896,0
DA:906,0
DA:907,0
DA:908,0
DA:911,0
DA:916,0
DA:917,0
DA:924,0
DA:933,0
DA:935,0
DA:949,0
DA:950,0
DA:952,0
DA:959,0
DA:964,0
DA:967,0
DA:981,0
DA:982,0
DA:990,0
DA:991,0
DA:992,0
DA:994,0
DA:997,0
DA:1002,0
DA:1003,0
DA:1009,0
DA:1010,0
DA:1011,0
DA:1018,0
DA:1028,0
DA:1029,0
DA:1031,0
DA:1032,0
DA:1033,0
DA:1035,0
DA:1040,0
DA:1041,0
DA:1042,0
DA:1043,0
DA:1044,0
DA:1047,0
DA:1048,0
DA:1052,0
DA:1054,0
DA:1062,0
DA:1073,0
DA:1076,0
DA:1081,0
DA:1082,0
DA:1091,0
DA:1092,0
DA:1093,0
DA:1096,0
DA:1111,0
DA:1114,0
DA:1115,0
DA:1125,0
DA:1127,0
DA:1128,0
DA:1129,0
DA:1130,0
DA:1133,0
DA:1135,0
DA:1136,0
DA:1147,0
DA:1148,0
DA:1149,0
DA:1150,0
DA:1151,0
DA:1152,0
DA:1153,0
DA:1156,0
DA:1157,0
DA:1160,0
DA:1161,0
DA:1167,0
DA:1169,0
DA:1177,0
DA:1185,0
DA:1187,0
DA:1195,0
DA:1204,0
DA:1210,0
DA:1211,0
DA:1212,0
DA:1216,0
DA:1217,0
DA:1233,0
DA:1234,0
DA:1235,0
DA:1236,0
DA:1239,0
DA:1240,0
DA:1244,0
DA:1253,0
DA:1254,0
DA:1257,0
DA:1258,0
DA:1262,0
DA:1270,0
DA:1271,0
DA:1275,0
DA:1278,0
DA:1279,0
DA:1282,0
DA:1291,0
DA:1293,0
DA:1294,0
DA:1302,0
DA:1303,0
DA:1304,0
DA:1305,0
DA:1307,0
DA:1308,0
DA:1312,0
DA:1313,0
DA:1314,0
DA:1319,0
DA:1328,0
DA:1329,0
DA:1332,0
DA:1333,0
DA:1337,0
DA:1345,0
DA:1346,0
DA:1350,0
DA:1353,0
DA:1356,0
DA:1366,0
DA:1368,0
DA:1369,0
DA:1377,0
DA:1378,0
DA:1379,0
DA:1380,0
DA:1382,0
DA:1383,0
DA:1387,0
DA:1396,0
DA:1397,0
DA:1400,0
DA:1401,0
DA:1405,0
DA:1413,0
DA:1414,0
DA:1418,0
DA:1421,0
DA:1422,0
DA:1425,0
DA:1436,0
DA:1438,0
DA:1439,0
DA:1447,0
DA:1448,0
DA:1449,0
DA:1450,0
DA:1452,0
DA:1453,0
DA:1457,0
DA:1466,0
DA:1467,0
DA:1471,0
DA:1491,0
DA:1492,0
DA:1500,0
DA:1501,0
DA:1502,0
DA:1503,0
DA:1505,0
DA:1511,0
DA:1521,0
DA:1523,0
DA:1524,0
DA:1532,0
DA:1533,0
DA:1534,0
DA:1535,0
DA:1537,0
DA:1538,0
DA:1542,0
DA:1551,0
DA:1552,0
DA:1555,0
DA:1556,0
DA:1559,0
DA:1560,0
DA:1564,0
DA:1572,0
DA:1573,0
DA:1577,0
DA:1580,0
DA:1583,0
DA:1589,0
DA:1599,0
DA:1609,0
DA:1611,0
DA:1612,0
DA:1616,0
LF:439
LH:0
BRDA:20,0,0,0
BRDA:21,1,0,0
BRDA:22,2,0,0
BRDA:23,3,0,0
BRDA:34,4,0,0
BRDA:34,4,1,0
BRDA:37,5,0,0
BRDA:37,6,0,0
BRDA:37,6,1,0
BRDA:46,7,0,0
BRDA:46,8,0,0
BRDA:46,8,1,0
BRDA:47,9,0,0
BRDA:47,9,1,0
BRDA:51,10,0,0
BRDA:51,10,1,0
BRDA:77,11,0,0
BRDA:84,12,0,0
BRDA:84,12,1,0
BRDA:141,13,0,0
BRDA:141,13,1,0
BRDA:142,14,0,0
BRDA:142,14,1,0
BRDA:151,15,0,0
BRDA:151,15,1,0
BRDA:152,16,0,0
BRDA:152,16,1,0
BRDA:189,17,0,0
BRDA:189,17,1,0
BRDA:196,18,0,0
BRDA:196,18,1,0
BRDA:236,19,0,0
BRDA:247,20,0,0
BRDA:247,20,1,0
BRDA:248,21,0,0
BRDA:248,21,1,0
BRDA:258,22,0,0
BRDA:258,22,1,0
BRDA:261,23,0,0
BRDA:261,23,1,0
BRDA:262,24,0,0
BRDA:262,24,1,0
BRDA:294,25,0,0
BRDA:294,25,1,0
BRDA:301,26,0,0
BRDA:301,26,1,0
BRDA:312,27,0,0
BRDA:321,28,0,0
BRDA:331,29,0,0
BRDA:331,30,0,0
BRDA:331,30,1,0
BRDA:331,30,2,0
BRDA:342,31,0,0
BRDA:342,31,1,0
BRDA:342,32,0,0
BRDA:342,32,1,0
BRDA:377,33,0,0
BRDA:377,33,1,0
BRDA:399,34,0,0
BRDA:399,34,1,0
BRDA:406,35,0,0
BRDA:406,35,1,0
BRDA:417,36,0,0
BRDA:425,37,0,0
BRDA:425,37,1,0
BRDA:444,38,0,0
BRDA:454,39,0,0
BRDA:454,40,0,0
BRDA:454,40,1,0
BRDA:454,40,2,0
BRDA:465,41,0,0
BRDA:465,41,1,0
BRDA:465,42,0,0
BRDA:465,42,1,0
BRDA:504,43,0,0
BRDA:504,43,1,0
BRDA:526,44,0,0
BRDA:526,44,1,0
BRDA:533,45,0,0
BRDA:533,45,1,0
BRDA:545,46,0,0
BRDA:554,47,0,0
BRDA:564,48,0,0
BRDA:564,49,0,0
BRDA:564,49,1,0
BRDA:564,49,2,0
BRDA:575,50,0,0
BRDA:575,50,1,0
BRDA:575,51,0,0
BRDA:575,51,1,0
BRDA:618,52,0,0
BRDA:618,52,1,0
BRDA:641,53,0,0
BRDA:641,53,1,0
BRDA:663,54,0,0
BRDA:663,54,1,0
BRDA:671,55,0,0
BRDA:671,55,1,0
BRDA:682,56,0,0
BRDA:691,57,0,0
BRDA:691,57,1,0
BRDA:692,58,0,0
BRDA:692,58,1,0
BRDA:697,59,0,0
BRDA:697,59,1,0
BRDA:737,60,0,0
BRDA:737,60,1,0
BRDA:744,61,0,0
BRDA:744,61,1,0
BRDA:755,62,0,0
BRDA:762,63,0,0
BRDA:762,63,1,0
BRDA:796,64,0,0
BRDA:806,65,0,0
BRDA:806,66,0,0
BRDA:806,66,1,0
BRDA:861,67,0,0
BRDA:871,68,0,0
BRDA:881,69,0,0
BRDA:881,69,1,0
BRDA:916,70,0,0
BRDA:933,71,0,0
BRDA:933,72,0,0
BRDA:933,72,1,0
BRDA:1002,73,0,0
BRDA:1010,74,0,0
BRDA:1040,75,0,0
BRDA:1040,76,0,0
BRDA:1040,76,1,0
BRDA:1052,77,0,0
BRDA:1052,77,1,0
BRDA:1114,78,0,0
BRDA:1130,79,0,0
BRDA:1135,80,0,0
BRDA:1156,81,0,0
BRDA:1156,81,1,0
BRDA:1156,82,0,0
BRDA:1156,82,1,0
BRDA:1167,83,0,0
BRDA:1167,83,1,0
BRDA:1239,84,0,0
BRDA:1239,85,0,0
BRDA:1239,85,1,0
BRDA:1239,85,2,0
BRDA:1239,85,3,0
BRDA:1239,85,4,0
BRDA:1239,85,5,0
BRDA:1248,86,0,0
BRDA:1248,86,1,0
BRDA:1253,87,0,0
BRDA:1257,88,0,0
BRDA:1270,89,0,0
BRDA:1307,90,0,0
BRDA:1307,91,0,0
BRDA:1307,91,1,0
BRDA:1313,92,0,0
BRDA:1313,93,0,0
BRDA:1313,93,1,0
BRDA:1313,93,2,0
BRDA:1323,94,0,0
BRDA:1323,94,1,0
BRDA:1328,95,0,0
BRDA:1332,96,0,0
BRDA:1345,97,0,0
BRDA:1382,98,0,0
BRDA:1382,99,0,0
BRDA:1382,99,1,0
BRDA:1391,100,0,0
BRDA:1391,100,1,0
BRDA:1396,101,0,0
BRDA:1400,102,0,0
BRDA:1413,103,0,0
BRDA:1450,104,0,0
BRDA:1452,105,0,0
BRDA:1452,106,0,0
BRDA:1452,106,1,0
BRDA:1461,107,0,0
BRDA:1461,107,1,0
BRDA:1466,108,0,0
BRDA:1491,109,0,0
BRDA:1500,110,0,0
BRDA:1537,111,0,0
BRDA:1537,112,0,0
BRDA:1537,112,1,0
BRDA:1546,113,0,0
BRDA:1546,113,1,0
BRDA:1551,114,0,0
BRDA:1555,115,0,0
BRDA:1559,116,0,0
BRDA:1572,117,0,0
BRF:190
BRH:0
end_of_record
TN:
SF:src/routes/settings.ts
FN:49,(anonymous_0)
FN:87,(anonymous_1)
FN:115,(anonymous_2)
FN:135,(anonymous_3)
FN:169,(anonymous_4)
FN:214,(anonymous_5)
FN:255,(anonymous_6)
FN:276,(anonymous_7)
FN:294,(anonymous_8)
FNF:9
FNH:0
FNDA:0,(anonymous_0)
FNDA:0,(anonymous_1)
FNDA:0,(anonymous_2)
FNDA:0,(anonymous_3)
FNDA:0,(anonymous_4)
FNDA:0,(anonymous_5)
FNDA:0,(anonymous_6)
FNDA:0,(anonymous_7)
FNDA:0,(anonymous_8)
DA:1,0
DA:2,0
DA:3,0
DA:4,0
DA:5,0
DA:7,0
DA:10,0
DA:16,0
DA:22,0
DA:49,0
DA:50,0
DA:51,0
DA:63,0
DA:64,0
DA:67,0
DA:81,0
DA:82,0
DA:87,0
DA:88,0
DA:89,0
DA:91,0
DA:99,0
DA:109,0
DA:110,0
DA:115,0
DA:116,0
DA:117,0
DA:127,0
DA:129,0
DA:130,0
DA:135,0
DA:136,0
DA:137,0
DA:140,0
DA:141,0
DA:150,0
DA:157,0
DA:163,0
DA:164,0
DA:169,0
DA:170,0
DA:171,0
DA:172,0
DA:174,0
DA:181,0
DA:182,0
DA:186,0
DA:187,0
DA:197,0
DA:202,0
DA:208,0
DA:209,0
DA:214,0
DA:215,0
DA:216,0
DA:218,0
DA:230,0
DA:231,0
DA:234,0
DA:235,0
DA:240,0
DA:244,0
DA:249,0
DA:250,0
DA:255,0
DA:256,0
DA:258,0
DA:262,0
DA:263,0
DA:267,0
DA:275,0
DA:276,0
DA:282,0
DA:288,0
DA:289,0
DA:294,0
DA:295,0
DA:302,0
DA:326,0
DA:341,0
DA:342,0
DA:346,0
LF:82
LH:0
BRDA:63,0,0,0
BRDA:140,1,0,0
BRDA:181,2,0,0
BRDA:186,3,0,0
BRDA:230,4,0,0
BRDA:234,5,0,0
BRDA:262,6,0,0
BRDA:336,7,0,0
BRDA:336,7,1,0
BRDA:337,8,0,0
BRDA:337,8,1,0
BRF:11
BRH:0
end_of_record
TN:
SF:src/routes/trackstar-orders.ts
FN:8,(anonymous_0)
FN:35,(anonymous_1)
FNF:2
FNH:0
FNDA:0,(anonymous_0)
FNDA:0,(anonymous_1)
DA:1,0
DA:2,0
DA:3,0
DA:5,0
DA:8,0
DA:9,0
DA:10,0
DA:11,0
DA:13,0
DA:15,0
DA:16,0
DA:17,0
DA:24,0
DA:25,0
DA:26,0
DA:28,0
DA:30,0
DA:32,0
DA:35,0
DA:36,0
DA:37,0
DA:39,0
DA:46,0
DA:49,0
DA:53,0
DA:54,0
DA:61,0
DA:128,0
DA:133,0
DA:134,0
DA:141,0
LF:31
LH:0
BRDA:15,0,0,0
BRDA:30,1,0,0
BRDA:30,1,1,0
BRDA:36,2,0,0
BRDA:36,2,1,0
BRDA:53,3,0,0
BRDA:66,4,0,0
BRDA:66,4,1,0
BRDA:69,5,0,0
BRDA:69,5,1,0
BRDA:71,6,0,0
BRDA:71,6,1,0
BRDA:72,7,0,0
BRDA:72,7,1,0
BRDA:73,8,0,0
BRDA:73,8,1,0
BRDA:75,9,0,0
BRDA:75,9,1,0
BRDA:89,10,0,0
BRDA:89,10,1,0
BRDA:94,11,0,0
BRDA:94,11,1,0
BRF:22
BRH:0
end_of_record
TN:
SF:src/routes/trackstar.ts
FN:34,(anonymous_0)
FN:51,(anonymous_1)
FN:89,(anonymous_2)
FN:117,(anonymous_3)
FN:189,(anonymous_4)
FN:220,(anonymous_5)
FN:250,(anonymous_6)
FN:291,(anonymous_7)
FN:328,(anonymous_8)
FNF:9
FNH:0
FNDA:0,(anonymous_0)
FNDA:0,(anonymous_1)
FNDA:0,(anonymous_2)
FNDA:0,(anonymous_3)
FNDA:0,(anonymous_4)
FNDA:0,(anonymous_5)
FNDA:0,(anonymous_6)
FNDA:0,(anonymous_7)
FNDA:0,(anonymous_8)
DA:1,0
DA:2,0
DA:3,0
DA:4,0
DA:5,0
DA:6,0
DA:7,0
DA:9,0
DA:12,0
DA:16,0
DA:21,0
DA:25,0
DA:34,0
DA:35,0
DA:36,0
DA:37,0
DA:38,0
DA:39,0
DA:40,0
DA:42,0
DA:43,0
DA:48,0
DA:52,0
DA:53,0
DA:54,0
DA:56,0
DA:59,0
DA:66,0
DA:68,0
DA:69,0
DA:70,0
DA:73,0
DA:74,0
DA:76,0
DA:77,0
DA:79,0
DA:80,0
DA:86,0
DA:90,0
DA:91,0
DA:92,0
DA:95,0
DA:102,0
DA:103,0
DA:106,0
DA:108,0
DA:110,0
DA:111,0
DA:117,0
DA:118,0
DA:119,0
DA:120,0
DA:123,0
DA:124,0
DA:125,0
DA:127,0
DA:128,0
DA:129,0
DA:133,0
DA:134,0
DA:135,0
DA:140,0
DA:142,0
DA:143,0
DA:147,0
DA:160,0
DA:161,0
DA:165,0
DA:178,0
DA:180,0
DA:181,0
DA:186,0
DA:190,0
DA:191,0
DA:192,0
DA:195,0
DA:202,0
DA:203,0
DA:206,0
DA:208,0
DA:210,0
DA:211,0
DA:217,0
DA:221,0
DA:222,0
DA:225,0
DA:232,0
DA:233,0
DA:236,0
DA:238,0
DA:240,0
DA:241,0
DA:247,0
DA:251,0
DA:252,0
DA:255,0
DA:262,0
DA:263,0
DA:266,0
DA:275,0
DA:276,0
DA:279,0
DA:281,0
DA:282,0
DA:288,0
DA:292,0
DA:293,0
DA:296,0
DA:303,0
DA:304,0
DA:307,0
DA:316,0
DA:318,0
DA:319,0
DA:325,0
DA:329,0
DA:330,0
DA:333,0
DA:340,0
DA:341,0
DA:345,0
DA:349,0
DA:350,0
DA:354,0
DA:355,0
DA:357,0
DA:359,0
DA:360,0
DA:365,0
LF:129
LH:0
BRDA:66,0,0,0
BRDA:66,0,1,0
BRDA:68,1,0,0
BRDA:102,2,0,0
BRDA:127,3,0,0
BRDA:127,4,0,0
BRDA:127,4,1,0
BRDA:127,4,2,0
BRDA:155,5,0,0
BRDA:155,5,1,0
BRDA:156,6,0,0
BRDA:156,6,1,0
BRDA:160,7,0,0
BRDA:202,8,0,0
BRDA:232,9,0,0
BRDA:262,10,0,0
BRDA:275,11,0,0
BRDA:303,12,0,0
BRDA:340,13,0,0
BRDA:349,14,0,0
BRF:20
BRH:0
end_of_record
TN:
SF:src/routes/users.ts
FN:35,(anonymous_1)
FN:96,(anonymous_2)
FN:97,(anonymous_3)
FN:103,(anonymous_4)
FN:114,(anonymous_5)
FN:130,(anonymous_6)
FN:178,(anonymous_7)
FN:188,(anonymous_8)
FN:268,(anonymous_9)
FN:349,(anonymous_10)
FN:416,(anonymous_11)
FN:458,(anonymous_12)
FN:479,(anonymous_13)
FNF:13
FNH:0
FNDA:0,(anonymous_1)
FNDA:0,(anonymous_2)
FNDA:0,(anonymous_3)
FNDA:0,(anonymous_4)
FNDA:0,(anonymous_5)
FNDA:0,(anonymous_6)
FNDA:0,(anonymous_7)
FNDA:0,(anonymous_8)
FNDA:0,(anonymous_9)
FNDA:0,(anonymous_10)
FNDA:0,(anonymous_11)
FNDA:0,(anonymous_12)
FNDA:0,(anonymous_13)
DA:1,0
DA:2,0
DA:3,0
DA:4,0
DA:5,0
DA:6,0
DA:7,0
DA:8,0
DA:10,0
DA:13,0
DA:21,0
DA:29,0
DA:35,0
DA:36,0
DA:37,0
DA:39,0
DA:40,0
DA:41,0
DA:43,0
DA:51,0
DA:52,0
DA:59,0
DA:60,0
DA:63,0
DA:94,0
DA:95,0
DA:96,0
DA:97,0
DA:101,0
DA:103,0
DA:114,0
DA:124,0
DA:125,0
DA:130,0
DA:131,0
DA:132,0
DA:134,0
DA:161,0
DA:162,0
DA:165,0
DA:178,0
DA:182,0
DA:183,0
DA:188,0
DA:189,0
DA:190,0
DA:193,0
DA:197,0
DA:199,0
DA:206,0
DA:207,0
DA:212,0
DA:213,0
DA:216,0
DA:230,0
DA:235,0
DA:236,0
DA:245,0
DA:249,0
DA:262,0
DA:263,0
DA:268,0
DA:269,0
DA:270,0
DA:272,0
DA:282,0
DA:283,0
DA:287,0
DA:290,0
DA:294,0
DA:295,0
DA:307,0
DA:318,0
DA:327,0
DA:332,0
DA:343,0
DA:344,0
DA:349,0
DA:350,0
DA:351,0
DA:352,0
DA:355,0
DA:373,0
DA:374,0
DA:378,0
DA:389,0
DA:390,0
DA:396,0
DA:410,0
DA:411,0
DA:416,0
DA:417,0
DA:418,0
DA:421,0
DA:432,0
DA:433,0
DA:437,0
DA:438,0
DA:442,0
DA:447,0
DA:452,0
DA:453,0
DA:458,0
DA:459,0
DA:460,0
DA:471,0
DA:473,0
DA:474,0
DA:479,0
DA:480,0
DA:481,0
DA:483,0
DA:491,0
DA:492,0
DA:496,0
DA:497,0
DA:503,0
DA:508,0
DA:509,0
DA:518,0
DA:519,0
DA:522,0
DA:527,0
DA:528,0
DA:532,0
LF:125
LH:0
BRDA:37,0,0,0
BRDA:37,1,0,0
BRDA:51,2,0,0
BRDA:59,3,0,0
BRDA:95,4,0,0
BRDA:119,5,0,0
BRDA:119,5,1,0
BRDA:120,6,0,0
BRDA:120,6,1,0
BRDA:161,7,0,0
BRDA:197,8,0,0
BRDA:206,9,0,0
BRDA:239,10,0,0
BRDA:239,10,1,0
BRDA:241,11,0,0
BRDA:241,11,1,0
BRDA:282,12,0,0
BRDA:294,13,0,0
BRDA:294,13,1,0
BRDA:373,14,0,0
BRDA:389,15,0,0
BRDA:389,16,0,0
BRDA:389,16,1,0
BRDA:406,17,0,0
BRDA:406,17,1,0
BRDA:432,18,0,0
BRDA:437,19,0,0
BRDA:491,20,0,0
BRDA:512,21,0,0
BRDA:512,21,1,0
BRDA:514,22,0,0
BRDA:514,22,1,0
BRF:32
BRH:0
end_of_record
TN:
SF:src/routes/webhooks/inventory.ts
FN:69,(anonymous_0)
FNF:1
FNH:0
FNDA:0,(anonymous_0)
DA:1,0
DA:2,0
DA:3,0
DA:4,0
DA:6,0
DA:9,0
DA:69,0
DA:70,0
DA:72,0
DA:75,0
DA:77,0
DA:80,0
DA:81,0
DA:83,0
DA:91,0
DA:95,0
DA:96,0
DA:97,0
DA:98,0
DA:99,0
DA:100,0
DA:106,0
DA:121,0
DA:122,0
DA:123,0
DA:126,0
DA:144,0
DA:147,0
DA:148,0
DA:149,0
DA:152,0
DA:175,0
DA:177,0
DA:196,0
DA:219,0
DA:227,0
DA:230,0
DA:233,0
DA:234,0
DA:235,0
DA:236,0
DA:255,0
DA:258,0
DA:262,0
LF:44
LH:0
BRDA:72,0,0,0
BRDA:72,0,1,0
BRDA:75,1,0,0
BRDA:95,2,0,0
BRDA:96,3,0,0
BRDA:96,3,1,0
BRDA:99,4,0,0
BRDA:121,5,0,0
BRDA:156,6,0,0
BRDA:156,6,1,0
BRDA:167,7,0,0
BRDA:167,7,1,0
BRDA:168,8,0,0
BRDA:168,8,1,0
BRDA:175,9,0,0
BRDA:175,9,1,0
BRDA:175,10,0,0
BRDA:175,10,1,0
BRDA:235,11,0,0
BRDA:241,12,0,0
BRDA:241,12,1,0
BRDA:244,13,0,0
BRDA:244,13,1,0
BRDA:249,14,0,0
BRDA:249,14,1,0
BRF:25
BRH:0
end_of_record
TN:
SF:src/services/emailService.ts
FN:9,loadEnvVars
FN:51,(anonymous_2)
FN:55,(anonymous_3)
FN:62,(anonymous_4)
FN:109,(anonymous_5)
FN:134,(anonymous_6)
FN:216,(anonymous_7)
FN:308,(anonymous_8)
FN:399,(anonymous_9)
FN:412,(anonymous_10)
FN:440,(anonymous_11)
FN:453,(anonymous_12)
FN:456,(anonymous_13)
FN:467,(anonymous_14)
FNF:14
FNH:0
FNDA:0,loadEnvVars
FNDA:0,(anonymous_2)
FNDA:0,(anonymous_3)
FNDA:0,(anonymous_4)
FNDA:0,(anonymous_5)
FNDA:0,(anonymous_6)
FNDA:0,(anonymous_7)
FNDA:0,(anonymous_8)
FNDA:0,(anonymous_9)
FNDA:0,(anonymous_10)
FNDA:0,(anonymous_11)
FNDA:0,(anonymous_12)
FNDA:0,(anonymous_13)
FNDA:0,(anonymous_14)
DA:1,0
DA:2,0
DA:10,0
DA:11,0
DA:56,0
DA:59,0
DA:60,0
DA:61,0
DA:62,0
DA:63,0
DA:66,0
DA:68,0
DA:81,0
DA:82,0
DA:84,0
DA:93,0
DA:96,0
DA:105,0
DA:110,0
DA:112,0
DA:114,0
DA:125,0
DA:126,0
DA:127,0
DA:129,0
DA:130,0
DA:138,0
DA:141,0
DA:143,0
DA:191,0
DA:205,0
DA:220,0
DA:223,0
DA:225,0
DA:281,0
DA:297,0
DA:309,0
DA:312,0
DA:314,0
DA:371,0
DA:387,0
DA:400,0
DA:401,0
DA:402,0
DA:403,0
DA:404,0
DA:406,0
DA:407,0
DA:413,0
DA:414,0
DA:426,0
DA:427,0
DA:429,0
DA:432,0
DA:434,0
DA:435,0
DA:441,0
DA:444,0
DA:445,0
DA:447,0
DA:448,0
DA:451,0
DA:452,0
DA:453,0
DA:454,0
DA:456,0
DA:457,0
DA:458,0
DA:460,0
DA:461,0
DA:466,0
DA:467,0
DA:470,0
DA:471,0
DA:472,0
DA:476,0
DA:477,0
DA:481,0
LF:78
LH:0
BRDA:11,0,0,0
BRDA:11,0,1,0
BRDA:56,1,0,0
BRDA:60,2,0,0
BRDA:60,2,1,0
BRDA:66,3,0,0
BRDA:66,3,1,0
BRDA:82,4,0,0
BRDA:82,4,1,0
BRDA:82,5,0,0
BRDA:82,5,1,0
BRDA:82,5,2,0
BRDA:97,6,0,0
BRDA:97,6,1,0
BRDA:98,7,0,0
BRDA:98,7,1,0
BRDA:101,8,0,0
BRDA:101,8,1,0
BRDA:102,9,0,0
BRDA:102,9,1,0
BRDA:115,10,0,0
BRDA:115,10,1,0
BRDA:118,11,0,0
BRDA:118,11,1,0
BRDA:118,12,0,0
BRDA:118,12,1,0
BRDA:119,13,0,0
BRDA:119,13,1,0
BRDA:120,14,0,0
BRDA:120,14,1,0
BRDA:126,15,0,0
BRDA:126,15,1,0
BRDA:141,16,0,0
BRDA:141,16,1,0
BRDA:210,17,0,0
BRDA:210,17,1,0
BRDA:223,18,0,0
BRDA:223,18,1,0
BRDA:302,19,0,0
BRDA:302,19,1,0
BRDA:312,20,0,0
BRDA:312,20,1,0
BRDA:392,21,0,0
BRDA:392,21,1,0
BRDA:426,22,0,0
BRDA:426,22,1,0
BRDA:457,23,0,0
BRDA:457,23,1,0
BRDA:457,24,0,0
BRDA:457,24,1,0
BRDA:466,25,0,0
BRF:51
BRH:0
end_of_record
TN:
SF:src/services/inventoryMigration.ts
FN:14,(anonymous_0)
FN:127,(anonymous_1)
FNF:2
FNH:0
FNDA:0,(anonymous_0)
FNDA:0,(anonymous_1)
DA:1,0
DA:2,0
DA:8,0
DA:15,0
DA:16,0
DA:19,0
DA:40,0
DA:43,0
DA:45,0
DA:46,0
DA:47,0
DA:48,0
DA:51,0
DA:53,0
DA:54,0
DA:58,0
DA:60,0
DA:61,0
DA:64,0
DA:65,0
DA:66,0
DA:68,0
DA:104,0
DA:106,0
DA:107,0
DA:111,0
DA:112,0
DA:116,0
DA:119,0
DA:120,0
DA:132,0
DA:137,0
DA:145,0
LF:33
LH:0
BRDA:46,0,0,0
BRDA:46,1,0,0
BRDA:46,1,1,0
BRDA:53,2,0,0
BRDA:66,3,0,0
BRDA:66,4,0,0
BRDA:66,4,1,0
BRDA:106,5,0,0
BRDA:140,6,0,0
BRDA:140,6,1,0
BRF:10
BRH:0
end_of_record
TN:
SF:src/services/periodicSync.ts
FN:10,(anonymous_0)
FN:12,(anonymous_1)
FN:17,(anonymous_2)
FN:22,(anonymous_3)
FN:29,(anonymous_4)
FN:36,(anonymous_5)
FN:110,(anonymous_6)
FN:154,(anonymous_7)
FNF:8
FNH:0
FNDA:0,(anonymous_0)
FNDA:0,(anonymous_1)
FNDA:0,(anonymous_2)
FNDA:0,(anonymous_3)
FNDA:0,(anonymous_4)
FNDA:0,(anonymous_5)
FNDA:0,(anonymous_6)
FNDA:0,(anonymous_7)
DA:1,0
DA:2,0
DA:3,0
DA:4,0
DA:6,0
DA:12,0
DA:13,0
DA:17,0
DA:18,0
DA:23,0
DA:24,0
DA:25,0
DA:26,0
DA:30,0
DA:31,0
DA:32,0
DA:33,0
DA:37,0
DA:38,0
DA:41,0
DA:51,0
DA:53,0
DA:54,0
DA:56,0
DA:57,0
DA:58,0
DA:60,0
DA:61,0
DA:64,0
DA:66,0
DA:67,0
DA:83,0
DA:88,0
DA:90,0
DA:93,0
DA:96,0
DA:103,0
DA:105,0
DA:111,0
DA:112,0
DA:121,0
DA:122,0
DA:125,0
DA:126,0
DA:130,0
DA:132,0
DA:133,0
DA:147,0
DA:149,0
DA:150,0
DA:155,0
DA:156,0
DA:159,0
DA:161,0
DA:163,0
DA:168,0
LF:56
LH:0
BRDA:60,0,0,0
BRDA:60,0,1,0
BRDA:60,1,0,0
BRDA:60,1,1,0
BRDA:121,2,0,0
BRDA:125,3,0,0
BRF:6
BRH:0
end_of_record
TN:
SF:src/utils/logger.ts
FNF:0
FNH:0
DA:1,0
DA:3,0
LF:2
LH:0
BRDA:4,0,0,0
BRDA:4,0,1,0
BRF:2
BRH:0
end_of_record
